Evaluation 3,1:    21.95
Evaluation 3,2:    22.37
Evaluation 3,3:    22.63
Evaluation 3,4:    22.61
Evaluation 3,5:    22.57
Evaluation 3,6:    10.13
Evaluation 3,7:    22.44
Evaluation 3,8:    22.34
Evaluation 3,9:    10.13
Evaluation 3,10:    22.42
Evaluation 4,1:    300.12
Timeout 4,1
Evaluation 4,2:    300.05
Timeout 4,2
Evaluation 4,3:    300.10
Timeout 4,3
Evaluation 4,4:    300.10
Timeout 4,4
Evaluation 4,5:    300.10
Timeout 4,5
Evaluation 4,6:    300.06
Timeout 4,6
Evaluation 4,7:    300.10
Timeout 4,7
Evaluation 4,8:    300.10
Timeout 4,8
Evaluation 4,9:    300.10
Timeout 4,9
