14164352
Evaluation 3,1:    33.44
14164352
Evaluation 3,2:    33.31
14164352
Evaluation 3,3:    33.08
14164352
Evaluation 3,4:    33.39
Process Process-3:5:
Traceback (most recentEvaluation 3,6:    42.16
14164352
Evaluation 3,7:    35.32
14164352
Evaluation 3,8:    34.90
14164352
Evaluation 3,9:    37.09
14164352
Evaluation 3,10:    36.00
Evaluation 4,1:    300.36
Timeout 4,1
Evaluation 4,2:    303.43
Timeout 4,2
Evaluation 4,3:    311.43
Timeout 4,3
Evaluation 4,4:    300.21
Timeout 4,4
Evaluation 4,5:    300.20
Timeout 4,5
Evaluation 4,6:    300.24
Timeout 4,6
Evaluation 4,7:    300.10
Timeout 4,7
Evaluation 4,8:    300.12
Timeout 4,8
Evaluation 4,9:    300.13
Timeout 4,9
Evaluation 4,10:    300.10
Timeout 4,10
Evaluation 5,1:    300.10
Timeout 5,1
Evaluation 5,2:    300.15
Timeout 5,2
Evaluation 5,3:    300.41
Timeout 5,3
Evaluation 5,4:    300.25
Timeout 5,4
Evaluation 5,5:    300.21
Timeout 5,5
Evaluation 5,6:    303.88
Timeout 5,6
Evaluation 5,7:    304.46
Timeout 5,7
Evaluation 5,8:    300.67
Timeout 5,8
Evaluation 5,9:    300.37
Timeout 5,9
Evaluation 5,10:    300.15
Timeout 5,10
Evaluation 6,1:    300.23
Timeout 6,1
Evaluation 6,2:    300.62
Timeout 6,2
Evaluation 6,3:    300.37
Timeout 6,3
Evaluation 6,4:    300.40
Timeout 6,4
Evaluation 6,5:    300.19
Timeout 6,5
Evaluation 6,6:    300.24
Timeout 6,6
Evaluation 6,7:    306.28
Timeout 6,7
Evaluation 6,8:    304.72
Timeout 6,8
Evaluation 6,9:    300.27
Timeout 6,9
Evaluation 6,10:    300.10
Timeout 6,10
Evaluation 7,1:    300.10
Timeout 7,1
Evaluation 7,2:    300.10
Timeout 7,2
Evaluation 7,3:    300.10
Timeout 7,3
Evaluation 7,4:    300.10
Timeout 7,4
Evaluation 7,5:    300.10
Timeout 7,5
Evaluation 7,6:    300.10
Timeout 7,6
Evaluation 7,7:    300.10
Timeout 7,7
Evaluation 7,8:    300.10
Timeout 7,8
Evaluation 7,9:    300.00
Timeout 7,9
ome/pietro/pyenv/versions/3.8.0/lib/python3.8/multiprocessing/process.py", line 149, in join
    res = self._popen.wait(timeout)
  File "/home/pietro/pyenv/versions/3.8.0/lib/python3.8/multiprocessing/popen_fork.py", line 44, in wait
    if not wait([self.sentinel], timeout):
  File "/home/pietro/pyenv/versions/3.8.0/lib/python3.8/multiprocessing/connection.py", line 930, in wait
    ready = selector.select(timeout)
  File "/home/pietro/pyenv/versions/3.8.0/lib/python3.8/selectors.py", line 415, in select
    fd_event_list = self._selector.poll(timeout)
KeyboardInterrupt
