Evaluation 3,1:    10.99
Evaluation 3,2:    10.98
Evaluation 3,3:    10.92
Evaluation 3,4:    10.99
Evaluation 3,5:    10.95
Evaluation 3,6:    5.66
Evaluation 3,7:    10.93
Evaluation 3,8:    10.93
Evaluation 3,9:    15.44
Evaluation 3,10:    10.97
Evaluation 4,1:    300.64
Timeout 4,1
Evaluation 4,2:    300.98
Timeout 4,2
Evaluation 4,3:    261.90
Evaluation 4,4:    300.10
Timeout 4,4
Evaluation 4,5:    254.15
Evaluation 4,6:    300.05
Timeout 4,6
Evaluation 4,7:    300.10
Timeout 4,7
Evaluation 4,8:    300.10
Timeout 4,8
Evaluation 4,9:    300.01
Timeout 4,9
