Evaluation 3,1:    300.81
Timeout 3,1
Evaluation 3,2:    301.25
Timeout 3,2
Evaluation 3,3:    300.48
Timeout 3,3
Evaluation 3,4:    304.96
Timeout 3,4
Evaluation 3,5:    294.11
Evaluation 3,6:    305.88
Timeout 3,6
Evaluation 3,7:    308.74
Timeout 3,7
Evaluation 3,8:    226.67
Evaluation 3,9:    301.24
Timeout 3,9
Evaluation 3,10:    307.03
Timeout 3,10
Evaluation 4,1:    305.83
Timeout 4,1
Evaluation 4,2:    300.32
Evaluation 4,3:    300.46
Timeout 4,3
Evaluation 4,4:    302.17
Timeout 4,4
Evaluation 4,5:    300.09
Timeout 4,5
Evaluation 4,6:    301.17
Timeout 4,6
Evaluation 4,7:    300.71
Timeout 4,7
Evaluation 4,8:    300.25
Timeout 4,8
Evaluation 4,9:    305.25
Timeout 4,9
