Evaluation 3,1:    198.28
Evaluation 3,2:    299.39
Evaluation 3,3:    10.10
Evaluation 3,4:    10.11
Evaluation 3,5:    9.87
Evaluation 3,6:    109.61
Evaluation 3,7:    300.22
Timeout 3,7
Evaluation 3,8:    205.41
Evaluation 3,9:    28.92
Evaluation 3,10:    222.37
Evaluation 4,1:    296.20
Evaluation 4,2:    301.40
Timeout 4,2
Evaluation 4,3:    300.37
Timeout 4,3
Evaluation 4,4:    304.42
Timeout 4,4
Evaluation 4,5:    309.45
Timeout 4,5
Evaluation 4,6:    307.21
Timeout 4,6
Evaluation 4,7:    304.28
Timeout 4,7
Evaluation 4,8:    300.71
Timeout 4,8
Evaluation 4,9:    300.32
Timeout 4,9
