./benchmarks/map/gh/problog_format/gh_11_0_6_33.pl
Evaluation:             300.11

Killed
./benchmarks/map/gh/problog_format/gh_14_0_7_87.pl
Evaluation:             300.10

Killed
./benchmarks/map/gh/problog_format/gh_8_0_9_5.pl
Evaluation:             300.10

Killed
./benchmarks/map/gh/problog_format/gh_2_0_2_0.pl
2
Evaluation:             0.01

./benchmarks/map/gh/problog_format/gh_10_0_3_44.pl
Evaluation:             300.10

Killed
./benchmarks/map/gh/problog_format/gh_3_0_4_1.pl
16
Evaluation:             0.01

./benchmarks/map/gh/problog_format/gh_5_0_4_5.pl
8192
Evaluation:             0.04

./benchmarks/map/gh/problog_format/gh_7_0_4_11.pl
67108864
Evaluation:             278.54

./benchmarks/map/gh/problog_format/gh_11_0_2_34.pl
Evaluation:             300.10

Killed
./benchmarks/map/gh/problog_format/gh_13_0_7_27.pl
Evaluation:             300.06

Killed
./benchmarks/map/gh/problog_format/gh_3_0_9_4.pl
16
Evaluation:             0.01

./benchmarks/map/gh/problog_format/gh_8_0_5_9.pl
Evaluation:             300.10

Killed
./benchmarks/map/gh/problog_format/gh_12_0_9_63.pl
Evaluation:             300.10

Killed
./benchmarks/map/gh/problog_format/gh_4_0_6_0.pl
256
Evaluation:             0.02

./benchmarks/map/gh/problog_format/gh_14_0_9_52.pl
Evaluation:             300.10

Killed
./benchmarks/map/gh/problog_format/gh_11_0_1_42.pl
Evaluation:             300.10

Killed
./benchmarks/map/gh/problog_format/gh_3_0_6_2.pl
16
Evaluation:             0.01

./benchmarks/map/gh/problog_format/gh_9_0_2_16.pl
Evaluation:             300.00

Killed
./benchmarks/map/gh/problog_format/gh_8_0_1_28.pl
Evaluation:             300.10

Killed
./benchmarks/map/gh/problog_format/gh_13_0_1_89.pl
Evaluation:             300.10

Killed
./benchmarks/map/gh/problog_format/gh_3_0_3_4.pl
16
Evaluation:             0.01

./benchmarks/map/gh/problog_format/gh_2_0_0_1.pl
2
Evaluation:             0.01

./benchmarks/map/gh/problog_format/gh_2_0_1_1.pl
2
Evaluation:             0.02

./benchmarks/map/gh/problog_format/gh_12_0_7_73.pl
Evaluation:             300.10

Killed
./benchmarks/map/gh/problog_format/gh_14_0_4_70.pl
Evaluation:             300.11

Killed
./benchmarks/map/gh/problog_format/gh_11_0_4_47.pl
Evaluation:             300.10

Killed
./benchmarks/map/gh/problog_format/gh_7_0_7_9.pl
67108864
Evaluation:             252.11

./benchmarks/map/gh/problog_format/gh_13_0_3_61.pl
Evaluation:             300.03

Killed
./benchmarks/map/gh/problog_format/gh_9_0_3_21.pl
Evaluation:             300.10

Killed
./benchmarks/map/gh/problog_format/gh_11_0_3_64.pl
Evaluation:             300.10

Killed
./benchmarks/map/gh/problog_format/gh_14_0_2_26.pl
Evaluation:             300.10

Killed
./benchmarks/map/gh/problog_format/gh_14_0_5_54.pl
Evaluation:             300.10

Killed
./benchmarks/map/gh/problog_format/gh_9_0_1_30.pl
Evaluation:             300.03

Killed
./benchmarks/map/gh/problog_format/gh_8_0_7_5.pl
Evaluation:             300.10

Killed
./benchmarks/map/gh/problog_format/gh_12_0_1_15.pl
Evaluation:             300.10

Killed
./benchmarks/map/gh/problog_format/gh_2_0_9_0.pl
2
Evaluation:             0.01

./benchmarks/map/gh/problog_format/gh_5_0_8_1.pl
8192
Evaluation:             0.05

./benchmarks/map/gh/problog_format/gh_7_0_2_10.pl
67108864
Evaluation:             178.50

./benchmarks/map/gh/problog_format/gh_3_0_5_4.pl
16
Evaluation:             0.01

./benchmarks/map/gh/problog_format/gh_7_0_6_14.pl
67108864
Evaluation:             286.21

./benchmarks/map/gh/problog_format/gh_5_0_9_7.pl
8192
Evaluation:             0.05

./benchmarks/map/gh/problog_format/gh_7_0_9_22.pl
67108864
Evaluation:             190.89

./benchmarks/map/gh/problog_format/gh_4_0_1_2.pl
256
Evaluation:             0.02

./benchmarks/map/gh/problog_format/gh_13_0_2_56.pl
Evaluation:             300.02

Killed
./benchmarks/map/gh/problog_format/gh_14_0_6_68.pl
Evaluation:             300.10

Killed
./benchmarks/map/gh/problog_format/gh_13_0_0_52.pl
Evaluation:             300.10

Killed
./benchmarks/map/gh/problog_format/gh_4_0_0_3.pl
256
Evaluation:             0.01

./benchmarks/map/gh/problog_format/gh_8_0_2_18.pl
Evaluation:             300.10

Killed
./benchmarks/map/gh/problog_format/gh_2_0_6_0.pl
2
Evaluation:             0.01

./benchmarks/map/gh/problog_format/gh_14_0_3_62.pl
Evaluation:             300.10

Killed
./benchmarks/map/gh/problog_format/gh_4_0_4_8.pl
256
Evaluation:             0.02

./benchmarks/map/gh/problog_format/gh_6_0_9_5.pl
524288
Evaluation:             3.51

./benchmarks/map/gh/problog_format/gh_10_0_2_32.pl
Evaluation:             300.10

Killed
./benchmarks/map/gh/problog_format/gh_6_0_2_9.pl
524288
Evaluation:             1.40

./benchmarks/map/gh/problog_format/gh_13_0_4_69.pl
Evaluation:             300.07

Killed
./benchmarks/map/gh/problog_format/gh_11_0_7_36.pl
Evaluation:             300.10

Killed
./benchmarks/map/gh/problog_format/gh_6_0_4_10.pl
524288
Evaluation:             1.33

./benchmarks/map/gh/problog_format/gh_2_0_7_1.pl
2
Evaluation:             0.02

./benchmarks/map/gh/problog_format/gh_7_0_3_11.pl
67108864
Evaluation:             175.88

./benchmarks/map/gh/problog_format/gh_13_0_5_88.pl
Evaluation:             300.10

Killed
./benchmarks/map/gh/problog_format/gh_7_0_1_26.pl
Evaluation:             300.10

Killed
./benchmarks/map/gh/problog_format/gh_3_0_8_4.pl
16
Evaluation:             0.02

./benchmarks/map/gh/problog_format/gh_2_0_8_0.pl
2
Evaluation:             0.01

./benchmarks/map/gh/problog_format/gh_5_0_2_5.pl
8192
Evaluation:             0.07

./benchmarks/map/gh/problog_format/gh_5_0_3_2.pl
8192
Evaluation:             0.07

./benchmarks/map/gh/problog_format/gh_10_0_1_27.pl
Evaluation:             300.10

Killed
./benchmarks/map/gh/problog_format/gh_7_0_5_5.pl
Evaluation:             300.10

Killed
./benchmarks/map/gh/problog_format/gh_8_0_3_0.pl
Evaluation:             300.10

Killed
./benchmarks/map/gh/problog_format/gh_12_0_3_71.pl
Evaluation:             300.10

Killed
./benchmarks/map/gh/problog_format/gh_11_0_0_59.pl
Evaluation:             300.10

Killed
./benchmarks/map/gh/problog_format/gh_6_0_1_9.pl
524288
Evaluation:             1.39

./benchmarks/map/gh/problog_format/gh_10_0_7_41.pl
Evaluation:             300.10

Killed
./benchmarks/map/gh/problog_format/gh_9_0_6_37.pl
Evaluation:             300.10

Killed
./benchmarks/map/gh/problog_format/gh_6_0_3_0.pl
524288
Evaluation:             3.48

./benchmarks/map/gh/problog_format/gh_7_0_8_10.pl
Evaluation:             300.10

Killed
./benchmarks/map/gh/problog_format/gh_2_0_3_0.pl
2
Evaluation:             0.01

./benchmarks/map/gh/problog_format/gh_6_0_8_1.pl
524288
Evaluation:             1.38

./benchmarks/map/gh/problog_format/gh_11_0_9_14.pl
Evaluation:             300.10

Killed
./benchmarks/map/gh/problog_format/gh_12_0_4_22.pl
Evaluation:             300.10

Killed
./benchmarks/map/gh/problog_format/gh_4_0_2_7.pl
256
Evaluation:             0.02

./benchmarks/map/gh/problog_format/gh_5_0_6_5.pl
8192
Evaluation:             0.07

./benchmarks/map/gh/problog_format/gh_4_0_8_3.pl
256
Evaluation:             0.02

./benchmarks/map/gh/problog_format/gh_6_0_5_15.pl
524288
Evaluation:             2.92

./benchmarks/map/gh/problog_format/gh_9_0_0_2.pl
Evaluation:             300.10

Killed
./benchmarks/map/gh/problog_format/gh_8_0_4_21.pl
Evaluation:             300.10

Killed
./benchmarks/map/gh/problog_format/gh_10_0_0_22.pl
Evaluation:             300.10

Killed
./benchmarks/map/gh/problog_format/gh_6_0_6_6.pl
524288
Evaluation:             1.31

./benchmarks/map/gh/problog_format/gh_12_0_0_15.pl
Evaluation:             300.10

Killed
./benchmarks/map/gh/problog_format/gh_9_0_5_35.pl
Evaluation:             300.10

Killed
./benchmarks/map/gh/problog_format/gh_8_0_8_21.pl
Evaluation:             300.02

Killed
./benchmarks/map/gh/problog_format/gh_5_0_5_0.pl
8192
Evaluation:             0.04

./benchmarks/map/gh/problog_format/gh_14_0_8_80.pl
Evaluation:             300.09

Killed
./benchmarks/map/gh/problog_format/gh_3_0_1_1.pl
16
Evaluation:             0.01

./benchmarks/map/gh/problog_format/gh_12_0_2_75.pl
Evaluation:             300.09

Killed
./benchmarks/map/gh/problog_format/gh_12_0_5_56.pl
Evaluation:             300.10

Killed
./benchmarks/map/gh/problog_format/gh_12_0_6_50.pl
Evaluation:             300.10

Killed
./benchmarks/map/gh/problog_format/gh_13_0_9_85.pl
Evaluation:             300.08

Killed
./benchmarks/map/gh/problog_format/gh_11_0_5_18.pl
Evaluation:             300.10

Killed
./benchmarks/map/gh/problog_format/gh_4_0_5_4.pl
256
Evaluation:             0.03

./benchmarks/map/gh/problog_format/gh_3_0_7_1.pl
16
Evaluation:             0.02

./benchmarks/map/gh/problog_format/gh_12_0_8_36.pl
Evaluation:             300.10

Killed
./benchmarks/map/gh/problog_format/gh_14_0_0_42.pl
Evaluation:             300.10

Killed
./benchmarks/map/gh/problog_format/gh_4_0_9_3.pl
256
Evaluation:             0.01

./benchmarks/map/gh/problog_format/gh_9_0_9_16.pl
Evaluation:             300.10

Killed
./benchmarks/map/gh/problog_format/gh_7_0_0_16.pl
Evaluation:             300.10

Killed
./benchmarks/map/gh/problog_format/gh_10_0_4_23.pl
Evaluation:             300.10

Killed
./benchmarks/map/gh/problog_format/gh_11_0_8_54.pl
Evaluation:             300.10

Killed
./benchmarks/map/gh/problog_format/gh_3_0_0_0.pl
16
Evaluation:             0.01

./benchmarks/map/gh/problog_format/gh_9_0_7_4.pl
Evaluation:             300.10

Killed
./benchmarks/map/gh/problog_format/gh_2_0_4_0.pl
2
Evaluation:             0.01

./benchmarks/map/gh/problog_format/gh_4_0_7_1.pl
256
Evaluation:             0.02

./benchmarks/map/gh/problog_format/gh_9_0_8_38.pl
Evaluation:             300.10

Killed
./benchmarks/map/gh/problog_format/gh_8_0_0_27.pl
Evaluation:             300.10

Killed
./benchmarks/map/gh/problog_format/gh_13_0_8_58.pl
Evaluation:             300.10

Killed
./benchmarks/map/gh/problog_format/gh_5_0_7_7.pl
8192
Evaluation:             0.04

./benchmarks/map/gh/problog_format/gh_3_0_2_1.pl
16
Evaluation:             0.01

./benchmarks/map/gh/problog_format/gh_9_0_4_30.pl
Evaluation:             300.10

Killed
./benchmarks/map/gh/problog_format/gh_13_0_6_53.pl
Evaluation:             300.09

Killed
./benchmarks/map/gh/problog_format/gh_14_0_1_69.pl
Evaluation:             300.09

Killed
./benchmarks/map/gh/problog_format/gh_2_0_5_1.pl
2
Evaluation:             0.01

./benchmarks/map/gh/problog_format/gh_10_0_8_16.pl
Evaluation:             300.09

Killed
./benchmarks/map/gh/problog_format/gh_10_0_6_11.pl
Evaluation:             300.10

Killed
./benchmarks/map/gh/problog_format/gh_6_0_0_1.pl
524288
Evaluation:             1.29

./benchmarks/map/gh/problog_format/gh_5_0_1_2.pl
8192
Evaluation:             0.04

./benchmarks/map/gh/problog_format/gh_8_0_6_21.pl
Evaluation:             300.10

Killed
./benchmarks/map/gh/problog_format/gh_4_0_3_4.pl
256
Evaluation:             0.01

./benchmarks/map/gh/problog_format/gh_6_0_7_19.pl
524288
Evaluation:             1.29

./benchmarks/map/gh/problog_format/gh_5_0_0_5.pl
8192
Evaluation:             0.04

./benchmarks/map/gh/problog_format/gh_10_0_5_40.pl
Evaluation:             300.05

Killed
./benchmarks/map/gh/problog_format/gh_10_0_9_19.pl
Evaluation:             300.10

Killed
./benchmarks/map/gnb/problog_format/gnb_11_0_4_6.pl
Evaluation:             300.10

Killed
./benchmarks/map/gnb/problog_format/gnb_14_0_7_34.pl
Evaluation:             300.10

Killed
./benchmarks/map/gnb/problog_format/gnb_15_0_6_32.pl
Evaluation:             300.10

Killed
./benchmarks/map/gnb/problog_format/gnb_13_0_1_22.pl
Evaluation:             300.10

Killed
./benchmarks/map/gnb/problog_format/gnb_12_0_1_53.pl
Evaluation:             300.10

Killed
./benchmarks/map/gnb/problog_format/gnb_9_0_7_35.pl
Evaluation:             300.10

Killed
./benchmarks/map/gnb/problog_format/gnb_15_0_2_104.pl
Evaluation:             300.10

Killed
./benchmarks/map/gnb/problog_format/gnb_3_0_6_1.pl
16
Evaluation:             0.01

./benchmarks/map/gnb/problog_format/gnb_3_0_9_1.pl
16
Evaluation:             0.01

./benchmarks/map/gnb/problog_format/gnb_8_0_7_7.pl
Evaluation:             300.10

Killed
./benchmarks/map/gnb/problog_format/gnb_5_0_6_1.pl
2048
Evaluation:             0.02

./benchmarks/map/gnb/problog_format/gnb_11_0_3_30.pl
Evaluation:             300.10

Killed
./benchmarks/map/gnb/problog_format/gnb_8_0_1_9.pl
Evaluation:             300.04

Killed
./benchmarks/map/gnb/problog_format/gnb_4_0_8_0.pl
128
Evaluation:             0.01

./benchmarks/map/gnb/problog_format/gnb_5_0_8_4.pl
2048
Evaluation:             0.02

./benchmarks/map/gnb/problog_format/gnb_11_0_2_56.pl
Evaluation:             300.10

Killed
./benchmarks/map/gnb/problog_format/gnb_4_0_0_5.pl
128
Evaluation:             0.01

./benchmarks/map/gnb/problog_format/gnb_3_0_2_0.pl
16
Evaluation:             0.01

./benchmarks/map/gnb/problog_format/gnb_9_0_4_31.pl
Evaluation:             300.10

Killed
./benchmarks/map/gnb/problog_format/gnb_6_0_0_1.pl
65536
Evaluation:             0.16

./benchmarks/map/gnb/problog_format/gnb_8_0_3_1.pl
Evaluation:             300.02

Killed
./benchmarks/map/gnb/problog_format/gnb_2_0_9_2.pl
4
Evaluation:             0.01

./benchmarks/map/gnb/problog_format/gnb_5_0_9_10.pl
2048
Evaluation:             0.02

./benchmarks/map/gnb/problog_format/gnb_10_0_6_28.pl
Evaluation:             300.10

Killed
./benchmarks/map/gnb/problog_format/gnb_6_0_1_4.pl
65536
Evaluation:             0.16

./benchmarks/map/gnb/problog_format/gnb_13_0_7_24.pl
Evaluation:             300.10

Killed
./benchmarks/map/gnb/problog_format/gnb_12_0_7_10.pl
Evaluation:             300.10

Killed
./benchmarks/map/gnb/problog_format/gnb_3_0_8_4.pl
16
Evaluation:             0.01

./benchmarks/map/gnb/problog_format/gnb_6_0_8_3.pl
65536
Evaluation:             0.17

./benchmarks/map/gnb/problog_format/gnb_9_0_8_13.pl
Evaluation:             300.10

Killed
./benchmarks/map/gnb/problog_format/gnb_6_0_5_13.pl
65536
Evaluation:             0.17

./benchmarks/map/gnb/problog_format/gnb_10_0_8_22.pl
Evaluation:             300.10

Killed
./benchmarks/map/gnb/problog_format/gnb_15_0_3_28.pl
Evaluation:             300.01

Killed
./benchmarks/map/gnb/problog_format/gnb_10_0_5_13.pl
Evaluation:             300.06

Killed
./benchmarks/map/gnb/problog_format/gnb_5_0_1_4.pl
2048
Evaluation:             0.02

./benchmarks/map/gnb/problog_format/gnb_13_0_5_45.pl
Evaluation:             300.10

Killed
./benchmarks/map/gnb/problog_format/gnb_3_0_1_2.pl
16
Evaluation:             0.01

./benchmarks/map/gnb/problog_format/gnb_14_0_9_40.pl
Evaluation:             300.09

Killed
./benchmarks/map/gnb/problog_format/gnb_15_0_1_24.pl
Evaluation:             300.10

Killed
./benchmarks/map/gnb/problog_format/gnb_15_0_0_15.pl
Evaluation:             300.10

Killed
./benchmarks/map/gnb/problog_format/gnb_1_0_0_0.pl
2
Evaluation:             0.01

./benchmarks/map/gnb/problog_format/gnb_12_0_2_31.pl
Evaluation:             300.09

Killed
./benchmarks/map/gnb/problog_format/gnb_1_0_4_1.pl
2
Evaluation:             0.01

./benchmarks/map/gnb/problog_format/gnb_4_0_4_3.pl
128
Evaluation:             0.01

./benchmarks/map/gnb/problog_format/gnb_7_0_3_21.pl
4194304
Evaluation:             10.43

./benchmarks/map/gnb/problog_format/gnb_13_0_0_10.pl
Evaluation:             300.07

Killed
./benchmarks/map/gnb/problog_format/gnb_4_0_5_3.pl
128
Evaluation:             0.01

./benchmarks/map/gnb/problog_format/gnb_5_0_2_5.pl
2048
Evaluation:             0.02

./benchmarks/map/gnb/problog_format/gnb_14_0_2_90.pl
Evaluation:             300.10

Killed
./benchmarks/map/gnb/problog_format/gnb_1_0_6_1.pl
2
Evaluation:             0.01

./benchmarks/map/gnb/problog_format/gnb_8_0_4_28.pl
Evaluation:             300.10

Killed
./benchmarks/map/gnb/problog_format/gnb_12_0_3_41.pl
Evaluation:             300.10

Killed
./benchmarks/map/gnb/problog_format/gnb_8_0_8_25.pl
Evaluation:             300.06

Killed
./benchmarks/map/gnb/problog_format/gnb_10_0_2_12.pl
Evaluation:             300.01

Killed
./benchmarks/map/gnb/problog_format/gnb_6_0_6_11.pl
65536
Evaluation:             0.17

./benchmarks/map/gnb/problog_format/gnb_13_0_6_31.pl
Evaluation:             300.10

Killed
./benchmarks/map/gnb/problog_format/gnb_5_0_4_6.pl
2048
Evaluation:             0.02

./benchmarks/map/gnb/problog_format/gnb_15_0_5_7.pl
Evaluation:             300.02

Killed
./benchmarks/map/gnb/problog_format/gnb_11_0_1_10.pl
Evaluation:             300.03

Killed
./benchmarks/map/gnb/problog_format/gnb_8_0_6_26.pl
Evaluation:             300.10

Killed
./benchmarks/map/gnb/problog_format/gnb_12_0_6_40.pl
Evaluation:             300.10

Killed
./benchmarks/map/gnb/problog_format/gnb_6_0_4_15.pl
65536
Evaluation:             0.16

./benchmarks/map/gnb/problog_format/gnb_3_0_4_2.pl
16
Evaluation:             0.01

./benchmarks/map/gnb/problog_format/gnb_10_0_4_7.pl
Evaluation:             300.10

Killed
./benchmarks/map/gnb/problog_format/gnb_7_0_9_16.pl
4194304
Evaluation:             9.94

./benchmarks/map/gnb/problog_format/gnb_4_0_1_7.pl
128
Evaluation:             0.01

./benchmarks/map/gnb/problog_format/gnb_1_0_2_0.pl
2
Evaluation:             0.01

./benchmarks/map/gnb/problog_format/gnb_14_0_3_61.pl
Evaluation:             300.05

Killed
./benchmarks/map/gnb/problog_format/gnb_12_0_0_59.pl
Evaluation:             300.10

Killed
./benchmarks/map/gnb/problog_format/gnb_11_0_9_32.pl
Evaluation:             300.07

Killed
./benchmarks/map/gnb/problog_format/gnb_2_0_8_1.pl
4
Evaluation:             0.01

./benchmarks/map/gnb/problog_format/gnb_14_0_0_54.pl
Evaluation:             300.10

Killed
./benchmarks/map/gnb/problog_format/gnb_11_0_7_17.pl
Evaluation:             300.10

Killed
./benchmarks/map/gnb/problog_format/gnb_4_0_3_1.pl
128
Evaluation:             0.01

./benchmarks/map/gnb/problog_format/gnb_3_0_0_2.pl
16
Evaluation:             0.01

./benchmarks/map/gnb/problog_format/gnb_1_0_8_0.pl
2
Evaluation:             0.01

./benchmarks/map/gnb/problog_format/gnb_10_0_3_0.pl
Evaluation:             300.10

Killed
./benchmarks/map/gnb/problog_format/gnb_10_0_1_19.pl
Evaluation:             300.05

Killed
./benchmarks/map/gnb/problog_format/gnb_7_0_0_12.pl
4194304
Evaluation:             9.51

./benchmarks/map/gnb/problog_format/gnb_6_0_3_0.pl
65536
Evaluation:             0.17

./benchmarks/map/gnb/problog_format/gnb_1_0_9_1.pl
2
Evaluation:             0.02

./benchmarks/map/gnb/problog_format/gnb_13_0_2_22.pl
Evaluation:             300.08

Killed
./benchmarks/map/gnb/problog_format/gnb_10_0_7_22.pl
Evaluation:             300.06

Killed
./benchmarks/map/gnb/problog_format/gnb_11_0_8_28.pl
Evaluation:             300.10

Killed
./benchmarks/map/gnb/problog_format/gnb_5_0_0_4.pl
2048
Evaluation:             0.02

./benchmarks/map/gnb/problog_format/gnb_8_0_9_22.pl
Evaluation:             300.10

Killed
./benchmarks/map/gnb/problog_format/gnb_9_0_1_34.pl
Evaluation:             300.10

Killed
./benchmarks/map/gnb/problog_format/gnb_1_0_7_1.pl
2
Evaluation:             0.01

./benchmarks/map/gnb/problog_format/gnb_9_0_0_1.pl
Evaluation:             300.02

Killed
./benchmarks/map/gnb/problog_format/gnb_14_0_6_68.pl
Evaluation:             300.10

Killed
./benchmarks/map/gnb/problog_format/gnb_9_0_6_34.pl
Evaluation:             300.10

Killed
./benchmarks/map/gnb/problog_format/gnb_7_0_6_17.pl
4194304
Evaluation:             9.85

./benchmarks/map/gnb/problog_format/gnb_4_0_7_5.pl
128
Evaluation:             0.01

./benchmarks/map/gnb/problog_format/gnb_7_0_5_5.pl
4194304
Evaluation:             9.99

./benchmarks/map/gnb/problog_format/gnb_14_0_4_37.pl
Evaluation:             300.10

Killed
./benchmarks/map/gnb/problog_format/gnb_9_0_5_25.pl
Evaluation:             300.08

Killed
./benchmarks/map/gnb/problog_format/gnb_2_0_3_2.pl
4
Evaluation:             0.01

./benchmarks/map/gnb/problog_format/gnb_8_0_2_19.pl
Evaluation:             300.02

Killed
./benchmarks/map/gnb/problog_format/gnb_15_0_9_81.pl
Evaluation:             300.10

Killed
./benchmarks/map/gnb/problog_format/gnb_2_0_4_0.pl
4
Evaluation:             0.01

./benchmarks/map/gnb/problog_format/gnb_9_0_3_23.pl
Evaluation:             300.10

Killed
./benchmarks/map/gnb/problog_format/gnb_5_0_5_7.pl
2048
Evaluation:             0.02

./benchmarks/map/gnb/problog_format/gnb_2_0_7_0.pl
4
Evaluation:             0.02

./benchmarks/map/gnb/problog_format/gnb_2_0_1_2.pl
4
Evaluation:             0.01

./benchmarks/map/gnb/problog_format/gnb_12_0_5_57.pl
Evaluation:             300.10

Killed
./benchmarks/map/gnb/problog_format/gnb_3_0_5_1.pl
16
Evaluation:             0.01

./benchmarks/map/gnb/problog_format/gnb_3_0_3_3.pl
16
Evaluation:             0.01

./benchmarks/map/gnb/problog_format/gnb_6_0_7_8.pl
65536
Evaluation:             0.18

./benchmarks/map/gnb/problog_format/gnb_10_0_0_12.pl
Evaluation:             300.08

Killed
./benchmarks/map/gnb/problog_format/gnb_13_0_3_26.pl
Evaluation:             300.09

Killed
./benchmarks/map/gnb/problog_format/gnb_12_0_8_39.pl
Evaluation:             300.10

Killed
./benchmarks/map/gnb/problog_format/gnb_11_0_0_6.pl
Evaluation:             300.03

Killed
./benchmarks/map/gnb/problog_format/gnb_14_0_1_0.pl
Evaluation:             300.05

Killed
./benchmarks/map/gnb/problog_format/gnb_15_0_7_50.pl
Evaluation:             300.06

Killed
./benchmarks/map/gnb/problog_format/gnb_15_0_4_26.pl
Evaluation:             300.04

Killed
./benchmarks/map/gnb/problog_format/gnb_3_0_7_3.pl
16
Evaluation:             0.01

./benchmarks/map/gnb/problog_format/gnb_7_0_2_6.pl
4194304
Evaluation:             9.50

./benchmarks/map/gnb/problog_format/gnb_15_0_8_78.pl
Evaluation:             300.10

Killed
./benchmarks/map/gnb/problog_format/gnb_12_0_9_5.pl
Evaluation:             300.10

Killed
./benchmarks/map/gnb/problog_format/gnb_14_0_8_34.pl
Evaluation:             300.10

Killed
./benchmarks/map/gnb/problog_format/gnb_8_0_0_22.pl
Evaluation:             300.09

Killed
./benchmarks/map/gnb/problog_format/gnb_7_0_4_13.pl
4194304
Evaluation:             9.97

./benchmarks/map/gnb/problog_format/gnb_14_0_5_5.pl
Evaluation:             300.03

Killed
./benchmarks/map/gnb/problog_format/gnb_13_0_4_72.pl
Evaluation:             300.10

Killed
./benchmarks/map/gnb/problog_format/gnb_7_0_8_18.pl
4194304
Evaluation:             9.75

./benchmarks/map/gnb/problog_format/gnb_13_0_9_32.pl
Evaluation:             300.10

Killed
./benchmarks/map/gnb/problog_format/gnb_5_0_3_8.pl
2048
Evaluation:             0.02

./benchmarks/map/gnb/problog_format/gnb_4_0_6_4.pl
128
Evaluation:             0.01

./benchmarks/map/gnb/problog_format/gnb_12_0_4_65.pl
Evaluation:             300.03

Killed
./benchmarks/map/gnb/problog_format/gnb_5_0_7_10.pl
2048
Evaluation:             0.02

./benchmarks/map/gnb/problog_format/gnb_7_0_7_16.pl
4194304
Evaluation:             10.59

./benchmarks/map/gnb/problog_format/gnb_9_0_2_4.pl
Evaluation:             300.08

Killed
./benchmarks/map/gnb/problog_format/gnb_6_0_9_10.pl
65536
Evaluation:             0.17

./benchmarks/map/gnb/problog_format/gnb_2_0_5_0.pl
4
Evaluation:             0.01

./benchmarks/map/gnb/problog_format/gnb_8_0_5_1.pl
Evaluation:             300.10

Killed
./benchmarks/map/gnb/problog_format/gnb_1_0_3_0.pl
2
Evaluation:             0.01

./benchmarks/map/gnb/problog_format/gnb_2_0_0_2.pl
4
Evaluation:             0.01

./benchmarks/map/gnb/problog_format/gnb_10_0_9_39.pl
Evaluation:             300.04

Killed
./benchmarks/map/gnb/problog_format/gnb_7_0_1_14.pl
4194304
Evaluation:             9.86

./benchmarks/map/gnb/problog_format/gnb_1_0_1_0.pl
2
Evaluation:             0.02

./benchmarks/map/gnb/problog_format/gnb_11_0_5_22.pl
Evaluation:             300.10

Killed
./benchmarks/map/gnb/problog_format/gnb_13_0_8_35.pl
Evaluation:             300.10

Killed
./benchmarks/map/gnb/problog_format/gnb_9_0_9_19.pl
Evaluation:             300.10

Killed
./benchmarks/map/gnb/problog_format/gnb_4_0_9_6.pl
128
Evaluation:             0.01

./benchmarks/map/gnb/problog_format/gnb_6_0_2_3.pl
65536
Evaluation:             0.19

./benchmarks/map/gnb/problog_format/gnb_2_0_6_0.pl
4
Evaluation:             0.02

./benchmarks/map/gnb/problog_format/gnb_11_0_6_13.pl
Evaluation:             300.04

Killed
./benchmarks/map/gnb/problog_format/gnb_1_0_5_0.pl
2
Evaluation:             0.01

./benchmarks/map/gnb/problog_format/gnb_2_0_2_2.pl
4
Evaluation:             0.01

./benchmarks/map/gnb/problog_format/gnb_4_0_2_6.pl
128
Evaluation:             0.01

./benchmarks/map/blood/problog_format/bl4_0_1_467.pl
Evaluation:             300.11

Killed
./benchmarks/map/blood/problog_format/bl8_0_2_272.pl
Evaluation:             300.13

Killed
./benchmarks/map/blood/problog_format/bl9_0_6_1207.pl
Evaluation:             300.13

Killed
./benchmarks/map/blood/problog_format/bl9_0_5_902.pl
Evaluation:             300.08

Killed
./benchmarks/map/blood/problog_format/bl4_0_6_322.pl
Evaluation:             300.12

Killed
./benchmarks/map/blood/problog_format/bl8_0_0_451.pl
Evaluation:             300.12

Killed
./benchmarks/map/blood/problog_format/bl9_0_7_443.pl
Evaluation:             300.12

Killed
./benchmarks/map/blood/problog_format/bl1_0_2_63.pl
Evaluation:             300.12

Killed
./benchmarks/map/blood/problog_format/bl7_0_5_956.pl
Evaluation:             300.07

Killed
./benchmarks/map/blood/problog_format/bl4_0_0_253.pl
Evaluation:             300.05

Killed
./benchmarks/map/blood/problog_format/bl4_0_8_12.pl
Evaluation:             300.11

Killed
./benchmarks/map/blood/problog_format/bl5_0_7_446.pl
Evaluation:             300.12

Killed
./benchmarks/map/blood/problog_format/bl3_0_3_170.pl
Evaluation:             300.11

Killed
./benchmarks/map/blood/problog_format/bl5_0_8_507.pl
Evaluation:             300.12

Killed
./benchmarks/map/blood/problog_format/bl3_0_4_353.pl
Evaluation:             300.11

Killed
./benchmarks/map/blood/problog_format/bl7_0_4_336.pl
Evaluation:             300.12

Killed
./benchmarks/map/blood/problog_format/bl7_0_6_574.pl
Evaluation:             300.12

Killed
./benchmarks/map/blood/problog_format/bl10_0_2_157.pl
Evaluation:             300.13

Killed
./benchmarks/map/blood/problog_format/bl9_0_4_1161.pl
Evaluation:             300.09

Killed
./benchmarks/map/blood/problog_format/bl7_0_8_792.pl
Evaluation:             300.05

Killed
./benchmarks/map/blood/problog_format/bl4_0_2_273.pl
Evaluation:             300.11

Killed
./benchmarks/map/blood/problog_format/bl3_0_8_97.pl
Evaluation:             300.11

Killed
./benchmarks/map/blood/problog_format/bl3_0_1_328.pl
Evaluation:             300.11

Killed
./benchmarks/map/blood/problog_format/bl6_0_3_657.pl
Evaluation:             300.12

Killed
./benchmarks/map/blood/problog_format/bl10_0_0_87.pl
Evaluation:             300.10

Killed
./benchmarks/map/blood/problog_format/bl2_0_6_24.pl
Evaluation:             300.11

Killed
./benchmarks/map/blood/problog_format/bl0_0_7_11.pl
Evaluation:             300.12

Killed
./benchmarks/map/blood/problog_format/bl5_0_0_621.pl
Evaluation:             300.12

Killed
./benchmarks/map/blood/problog_format/bl1_0_5_73.pl
Evaluation:             300.11

Killed
./benchmarks/map/blood/problog_format/bl9_0_9_1007.pl
Evaluation:             300.12

Killed
./benchmarks/map/blood/problog_format/bl1_0_4_126.pl
Evaluation:             300.11

Killed
./benchmarks/map/blood/problog_format/bl2_0_7_203.pl
Evaluation:             300.11

Killed
./benchmarks/map/blood/problog_format/bl2_0_0_219.pl
Evaluation:             300.10

Killed
./benchmarks/map/blood/problog_format/bl5_0_5_208.pl
Evaluation:             300.11

Killed
./benchmarks/map/blood/problog_format/bl0_0_4_21.pl
Evaluation:             300.11

Killed
./benchmarks/map/blood/problog_format/bl7_0_3_70.pl
Evaluation:             300.12

Killed
./benchmarks/map/blood/problog_format/bl8_0_8_123.pl
Evaluation:             300.12

Killed
./benchmarks/map/blood/problog_format/bl0_0_8_16.pl
Evaluation:             300.11

Killed
./benchmarks/map/blood/problog_format/bl10_0_9_235.pl
Evaluation:             300.12

Killed
./benchmarks/map/blood/problog_format/bl6_0_1_99.pl
Evaluation:             300.07

Killed
./benchmarks/map/blood/problog_format/bl8_0_6_298.pl
Evaluation:             300.12

Killed
./benchmarks/map/blood/problog_format/bl6_0_8_283.pl
Evaluation:             300.12

Killed
./benchmarks/map/blood/problog_format/bl2_0_2_261.pl
Evaluation:             300.11

Killed
./benchmarks/map/blood/problog_format/bl1_0_8_37.pl
Evaluation:             300.11

Killed
./benchmarks/map/blood/problog_format/bl6_0_2_521.pl
Evaluation:             300.12

Killed
./benchmarks/map/blood/problog_format/bl1_0_9_101.pl
Evaluation:             300.11

Killed
./benchmarks/map/blood/problog_format/bl4_0_4_277.pl
Evaluation:             300.12

Killed
./benchmarks/map/blood/problog_format/bl0_0_6_5.pl
Evaluation:             300.11

Killed
./benchmarks/map/blood/problog_format/bl1_0_0_110.pl
Evaluation:             300.12

Killed
./benchmarks/map/blood/problog_format/bl9_0_2_703.pl
Evaluation:             300.14

Killed
./benchmarks/map/blood/problog_format/bl10_0_6_576.pl
Evaluation:             300.12

Killed
./benchmarks/map/blood/problog_format/bl8_0_4_19.pl
Evaluation:             300.13

Killed
./benchmarks/map/blood/problog_format/bl6_0_6_89.pl
Evaluation:             300.12

Killed
./benchmarks/map/blood/problog_format/bl5_0_2_420.pl
Evaluation:             300.11

Killed
./benchmarks/map/blood/problog_format/bl2_0_8_208.pl
Evaluation:             300.12

Killed
./benchmarks/map/blood/problog_format/bl5_0_3_0.pl
Evaluation:             300.13

Killed
./benchmarks/map/blood/problog_format/bl0_0_9_19.pl
Evaluation:             300.13

Killed
./benchmarks/map/blood/problog_format/bl10_0_8_389.pl
Evaluation:             300.14

Killed
./benchmarks/map/blood/problog_format/bl10_0_5_324.pl
Evaluation:             300.13

Killed
./benchmarks/map/blood/problog_format/bl6_0_4_264.pl
Evaluation:             300.14

Killed
./benchmarks/map/blood/problog_format/bl4_0_9_149.pl
Evaluation:             300.11

Killed
./benchmarks/map/blood/problog_format/bl7_0_2_575.pl
Evaluation:             300.12

Killed
./benchmarks/map/blood/problog_format/bl8_0_3_390.pl
Evaluation:             300.12

Killed
./benchmarks/map/blood/problog_format/bl0_0_5_19.pl
Evaluation:             300.05

Killed
./benchmarks/map/blood/problog_format/bl3_0_0_170.pl
Evaluation:             300.12

Killed
./benchmarks/map/blood/problog_format/bl5_0_9_283.pl
Evaluation:             300.11

Killed
./benchmarks/map/blood/problog_format/bl10_0_3_830.pl
Evaluation:             300.13

Killed
./benchmarks/map/blood/problog_format/bl9_0_8_826.pl
Evaluation:             300.13

Killed
./benchmarks/map/blood/problog_format/bl4_0_7_100.pl
Evaluation:             300.13

Killed
./benchmarks/map/blood/problog_format/bl4_0_3_125.pl
Evaluation:             300.13

Killed
./benchmarks/map/blood/problog_format/bl1_0_6_166.pl
Evaluation:             300.12

Killed
./benchmarks/map/blood/problog_format/bl6_0_5_519.pl
Evaluation:             300.06

Killed
./benchmarks/map/blood/problog_format/bl5_0_6_552.pl
Evaluation:             300.13

Killed
./benchmarks/map/blood/problog_format/bl2_0_3_18.pl
Evaluation:             300.08

Killed
./benchmarks/map/blood/problog_format/bl7_0_9_263.pl
Evaluation:             300.12

Killed
./benchmarks/map/blood/problog_format/bl8_0_1_94.pl
Evaluation:             300.14

Killed
./benchmarks/map/blood/problog_format/bl3_0_6_88.pl
Evaluation:             300.13

Killed
./benchmarks/map/blood/problog_format/bl7_0_1_809.pl
Evaluation:             300.13

Killed
./benchmarks/map/blood/problog_format/bl3_0_9_102.pl
Evaluation:             300.08

Killed
./benchmarks/map/blood/problog_format/bl9_0_0_345.pl
Evaluation:             300.13

Killed
./benchmarks/map/blood/problog_format/bl10_0_1_893.pl
Evaluation:             300.13

Killed
./benchmarks/map/blood/problog_format/bl1_0_7_152.pl
Evaluation:             300.12

Killed
./benchmarks/map/blood/problog_format/bl5_0_4_459.pl
Evaluation:             300.12

Killed
./benchmarks/map/blood/problog_format/bl0_0_0_35.pl
Evaluation:             300.11

Killed
./benchmarks/map/blood/problog_format/bl2_0_4_240.pl
Evaluation:             300.11

Killed
./benchmarks/map/blood/problog_format/bl1_0_3_46.pl
Evaluation:             300.05

Killed
./benchmarks/map/blood/problog_format/bl10_0_7_639.pl
Evaluation:             300.13

Killed
./benchmarks/map/blood/problog_format/bl7_0_0_815.pl
Evaluation:             300.13

Killed
./benchmarks/map/blood/problog_format/bl10_0_4_1298.pl
Evaluation:             300.13

Killed
./benchmarks/map/blood/problog_format/bl2_0_9_217.pl
Evaluation:             300.11

Killed
./benchmarks/map/blood/problog_format/bl2_0_5_42.pl
Evaluation:             300.11

Killed
./benchmarks/map/blood/problog_format/bl0_0_3_15.pl
Evaluation:             300.11

Killed
./benchmarks/map/blood/problog_format/bl3_0_2_111.pl
Evaluation:             300.12

Killed
./benchmarks/map/blood/problog_format/bl3_0_5_32.pl
Evaluation:             300.11

Killed
./benchmarks/map/blood/problog_format/bl6_0_7_503.pl
Evaluation:             300.13

Killed
./benchmarks/map/blood/problog_format/bl8_0_9_1005.pl
Evaluation:             300.13

Killed
./benchmarks/map/blood/problog_format/bl0_0_1_35.pl
Evaluation:             300.13

Killed
./benchmarks/map/blood/problog_format/bl5_0_1_193.pl
Evaluation:             300.13

Killed
./benchmarks/map/blood/problog_format/bl9_0_3_1070.pl
Evaluation:             300.11

Killed
./benchmarks/map/blood/problog_format/bl6_0_9_480.pl
Evaluation:             300.13

Killed
./benchmarks/map/blood/problog_format/bl4_0_5_20.pl
Evaluation:             300.12

Killed
./benchmarks/map/blood/problog_format/bl8_0_7_218.pl
Evaluation:             300.13

Killed
./benchmarks/map/blood/problog_format/bl0_0_2_22.pl
Evaluation:             300.12

Killed
./benchmarks/map/blood/problog_format/bl1_0_1_25.pl
Evaluation:             300.12

Killed
./benchmarks/map/blood/problog_format/bl3_0_7_318.pl
Evaluation:             300.05

Killed
./benchmarks/map/blood/problog_format/bl7_0_7_244.pl
Evaluation:             300.12

Killed
./benchmarks/map/blood/problog_format/bl8_0_5_723.pl
Evaluation:             300.12

Killed
./benchmarks/map/blood/problog_format/bl6_0_0_635.pl
Evaluation:             300.13

Killed
./benchmarks/map/blood/problog_format/bl2_0_1_232.pl
Evaluation:             300.06

Killed
./benchmarks/map/blood/problog_format/bl9_0_1_646.pl
Evaluation:             300.13

Killed
./benchmarks/map/graphs/problog_format/graph_050_02_4_62.pl
Evaluation:             300.11

Killed
./benchmarks/map/graphs/problog_format/graph_050_08_4_49.pl
Evaluation:             300.11

Killed
./benchmarks/map/graphs/problog_format/graph_050_05_2_88.pl
Evaluation:             300.11

Killed
./benchmarks/map/graphs/problog_format/graph_050_10_7_88.pl
Evaluation:             300.10

Killed
./benchmarks/map/graphs/problog_format/graph_050_10_9_92.pl
Evaluation:             300.11

Killed
./benchmarks/map/graphs/problog_format/graph_050_09_9_95.pl
Evaluation:             300.11

Killed
./benchmarks/map/graphs/problog_format/graph_050_03_2_35.pl
Evaluation:             300.07

Killed
./benchmarks/map/graphs/problog_format/graph_050_08_2_28.pl
Evaluation:             300.11

Killed
./benchmarks/map/graphs/problog_format/graph_050_07_9_39.pl
Evaluation:             300.12

Killed
./benchmarks/map/graphs/problog_format/graph_050_01_1_82.pl
Evaluation:             300.10

Killed
./benchmarks/map/graphs/problog_format/graph_050_04_7_47.pl
Evaluation:             300.11

Killed
./benchmarks/map/graphs/problog_format/graph_050_04_3_13.pl
Evaluation:             300.04

Killed
./benchmarks/map/graphs/problog_format/graph_050_08_1_96.pl
Evaluation:             300.11

Killed
./benchmarks/map/graphs/problog_format/graph_050_01_2_29.pl
Evaluation:             300.07

Killed
./benchmarks/map/graphs/problog_format/graph_050_07_6_95.pl
Evaluation:             300.12

Killed
./benchmarks/map/graphs/problog_format/graph_050_10_5_17.pl
Evaluation:             300.11

Killed
./benchmarks/map/graphs/problog_format/graph_050_10_6_8.pl
Evaluation:             300.11

Killed
./benchmarks/map/graphs/problog_format/graph_050_09_3_26.pl
Evaluation:             300.11

Killed
./benchmarks/map/graphs/problog_format/graph_050_03_0_2.pl
Evaluation:             300.05

Killed
./benchmarks/map/graphs/problog_format/graph_050_04_8_83.pl
Evaluation:             300.04

Killed
./benchmarks/map/graphs/problog_format/graph_050_01_7_77.pl
Evaluation:             300.11

Killed
./benchmarks/map/graphs/problog_format/graph_050_04_9_15.pl
Evaluation:             300.09

Killed
./benchmarks/map/graphs/problog_format/graph_050_03_5_30.pl
Evaluation:             300.10

Killed
./benchmarks/map/graphs/problog_format/graph_050_10_0_31.pl
Evaluation:             300.08

Killed
./benchmarks/map/graphs/problog_format/graph_050_06_6_19.pl
Evaluation:             300.09

Killed
./benchmarks/map/graphs/problog_format/graph_050_09_0_60.pl
Evaluation:             300.11

Killed
./benchmarks/map/graphs/problog_format/graph_050_09_6_75.pl
Evaluation:             300.11

Killed
./benchmarks/map/graphs/problog_format/graph_050_02_1_47.pl
Evaluation:             300.11

Killed
./benchmarks/map/graphs/problog_format/graph_050_01_8_3.pl
Evaluation:             300.11

Killed
./benchmarks/map/graphs/problog_format/graph_050_06_8_49.pl
Evaluation:             300.12

Killed
./benchmarks/map/graphs/problog_format/graph_050_06_7_10.pl
Evaluation:             300.11

Killed
./benchmarks/map/graphs/problog_format/graph_050_09_2_42.pl
Evaluation:             300.11

Killed
./benchmarks/map/graphs/problog_format/graph_050_07_5_47.pl
Evaluation:             300.11

Killed
./benchmarks/map/graphs/problog_format/graph_050_09_8_89.pl
Evaluation:             300.11

Killed
./benchmarks/map/graphs/problog_format/graph_050_05_8_47.pl
Evaluation:             300.11

Killed
./benchmarks/map/graphs/problog_format/graph_050_04_0_20.pl
Evaluation:             300.11

Killed
./benchmarks/map/graphs/problog_format/graph_050_09_4_21.pl
Evaluation:             300.11

Killed
./benchmarks/map/graphs/problog_format/graph_050_08_9_72.pl
Evaluation:             300.11

Killed
./benchmarks/map/graphs/problog_format/graph_050_10_2_75.pl
Evaluation:             300.11

Killed
./benchmarks/map/graphs/problog_format/graph_050_01_4_90.pl
Evaluation:             300.11

Killed
./benchmarks/map/graphs/problog_format/graph_050_03_6_70.pl
Evaluation:             300.11

Killed
./benchmarks/map/graphs/problog_format/graph_050_10_3_7.pl
Evaluation:             300.11

Killed
./benchmarks/map/graphs/problog_format/graph_050_01_6_90.pl
Evaluation:             300.11

Killed
./benchmarks/map/graphs/problog_format/graph_050_08_7_53.pl
Evaluation:             300.11

Killed
./benchmarks/map/graphs/problog_format/graph_050_01_3_66.pl
Evaluation:             300.08

Killed
./benchmarks/map/graphs/problog_format/graph_050_03_7_59.pl
Evaluation:             300.11

Killed
./benchmarks/map/graphs/problog_format/graph_050_02_8_3.pl
Evaluation:             300.11

Killed
./benchmarks/map/graphs/problog_format/graph_050_08_6_47.pl
Evaluation:             300.11

Killed
./benchmarks/map/graphs/problog_format/graph_050_08_0_66.pl
Evaluation:             300.11

Killed
./benchmarks/map/graphs/problog_format/graph_050_08_5_79.pl
Evaluation:             300.11

Killed
./benchmarks/map/graphs/problog_format/graph_050_01_0_0.pl
Evaluation:             300.12

Killed
./benchmarks/map/graphs/problog_format/graph_050_06_9_39.pl
Evaluation:             300.11

Killed
./benchmarks/map/graphs/problog_format/graph_050_07_3_2.pl
Evaluation:             300.11

Killed
./benchmarks/map/graphs/problog_format/graph_050_08_3_34.pl
Evaluation:             300.08

Killed
./benchmarks/map/graphs/problog_format/graph_050_06_0_88.pl
Evaluation:             300.11

Killed
./benchmarks/map/graphs/problog_format/graph_050_04_5_7.pl
Evaluation:             300.10

Killed
./benchmarks/map/graphs/problog_format/graph_050_05_4_75.pl
Evaluation:             300.11

Killed
./benchmarks/map/graphs/problog_format/graph_050_03_1_80.pl
Evaluation:             300.11

Killed
./benchmarks/map/graphs/problog_format/graph_050_05_6_91.pl
Evaluation:             300.11

Killed
./benchmarks/map/graphs/problog_format/graph_050_06_1_25.pl
Evaluation:             300.12

Killed
./benchmarks/map/graphs/problog_format/graph_050_05_1_29.pl
Evaluation:             300.11

Killed
./benchmarks/map/graphs/problog_format/graph_050_10_8_55.pl
Evaluation:             300.11

Killed
./benchmarks/map/graphs/problog_format/graph_050_01_5_59.pl
Evaluation:             300.09

Killed
./benchmarks/map/graphs/problog_format/graph_050_07_4_2.pl
Evaluation:             300.11

Killed
./benchmarks/map/graphs/problog_format/graph_050_05_0_19.pl
Evaluation:             300.11

Killed
./benchmarks/map/graphs/problog_format/graph_050_09_7_10.pl
Evaluation:             300.11

Killed
./benchmarks/map/graphs/problog_format/graph_050_07_2_71.pl
Evaluation:             300.10

Killed
./benchmarks/map/graphs/problog_format/graph_050_02_3_5.pl
Evaluation:             300.11

Killed
./benchmarks/map/graphs/problog_format/graph_050_04_4_77.pl
Evaluation:             300.11

Killed
./benchmarks/map/graphs/problog_format/graph_050_05_5_86.pl
Evaluation:             300.11

Killed
./benchmarks/map/graphs/problog_format/graph_050_10_1_63.pl
Evaluation:             300.04

Killed
./benchmarks/map/graphs/problog_format/graph_050_10_4_74.pl
Evaluation:             300.11

Killed
./benchmarks/map/graphs/problog_format/graph_050_09_1_86.pl
Evaluation:             300.11

Killed
./benchmarks/map/graphs/problog_format/graph_050_03_9_64.pl
Evaluation:             300.11

Killed
./benchmarks/map/graphs/problog_format/graph_050_06_2_18.pl
Evaluation:             300.10

Killed
./benchmarks/map/graphs/problog_format/graph_050_07_0_43.pl
Evaluation:             300.11

Killed
./benchmarks/map/graphs/problog_format/graph_050_07_8_57.pl
Evaluation:             300.14

Killed
./benchmarks/map/graphs/problog_format/graph_050_02_9_92.pl
Evaluation:             300.03

Killed
./benchmarks/map/graphs/problog_format/graph_050_06_4_28.pl
Evaluation:             300.11

Killed
./benchmarks/map/graphs/problog_format/graph_050_07_1_90.pl
Evaluation:             300.11

Killed
./benchmarks/map/graphs/problog_format/graph_050_04_1_19.pl
Evaluation:             300.11

Killed
./benchmarks/map/graphs/problog_format/graph_050_02_2_5.pl
Evaluation:             300.11

Killed
./benchmarks/map/graphs/problog_format/graph_050_05_9_5.pl
Evaluation:             300.08

Killed
./benchmarks/map/graphs/problog_format/graph_050_06_3_62.pl
Evaluation:             300.11

Killed
./benchmarks/map/graphs/problog_format/graph_050_02_7_19.pl
Evaluation:             300.09

Killed
./benchmarks/map/graphs/problog_format/graph_050_02_0_6.pl
Evaluation:             300.11

Killed
./benchmarks/map/graphs/problog_format/graph_050_03_4_14.pl
Evaluation:             300.11

Killed
./benchmarks/map/graphs/problog_format/graph_050_03_8_74.pl
Evaluation:             300.08

Killed
./benchmarks/map/graphs/problog_format/graph_050_06_5_62.pl
Evaluation:             300.11

Killed
./benchmarks/map/graphs/problog_format/graph_050_09_5_19.pl
Evaluation:             300.11

Killed
./benchmarks/map/graphs/problog_format/graph_050_01_9_73.pl
Evaluation:             300.12

Killed
./benchmarks/map/graphs/problog_format/graph_050_07_7_41.pl
Evaluation:             300.11

Killed
./benchmarks/map/graphs/problog_format/graph_050_04_2_56.pl
Evaluation:             300.11

Killed
./benchmarks/map/graphs/problog_format/graph_050_03_3_14.pl
Evaluation:             300.11

Killed
./benchmarks/map/graphs/problog_format/graph_050_02_5_21.pl
Evaluation:             300.11

Killed
./benchmarks/map/graphs/problog_format/graph_050_05_7_68.pl
Evaluation:             300.11

Killed
./benchmarks/map/graphs/problog_format/graph_050_02_6_62.pl
Evaluation:             300.11

Killed
./benchmarks/map/graphs/problog_format/graph_050_08_8_18.pl
Evaluation:             300.08

Killed
./benchmarks/map/graphs/problog_format/graph_050_05_3_92.pl
Evaluation:             300.03

Killed
./benchmarks/map/graphs/problog_format/graph_050_04_6_75.pl
Evaluation:             300.11

Killed
