
Evaluation 3,1:    10.10

Evaluation 3,2:    10.10

Evaluation 3,3:    10.12

Evaluation 3,4:    10.10

Evaluation 3,5:    10.10
Process Process-2:6:
Traceback (most recent call last):
  File "/usr/lib/python3.8/multiprocessing/process.py", line 315, in _bootstrap
    self.run()
  File "/usr/lib/python3.8/multiprocessing/process.py", line 108, in run
    self._target(*self._args, **self._kwargs)
  File "bench.py", line 80, in wrapper
    function(*args, **kwargs)
  File "bench.py", line 439, in problog_instance_aspmc
    cb(program)
  File "bench.py", line 63, in cb
    program.td_guided_both_clark_completion()
  File "/media/windows/Users/pietr/Desktop/PhD/Experiments/CC/aspmc/programs/program.py", line 648, in td_guided_both_clark_completion
    td = treedecomposition.from_graph(graph, solver = config.config["decos"], timeout = config.config["decot"])
  File "/media/windows/Users/pietr/Desktop/PhD/Experiments/CC/aspmc/graph/treedecomposition.py", line 279, in from_graph
    for line in p.stdout.read().decode().split('\n'):
KeyboardInterrupt
Process Process-2:
Traceback (most recent call last):
  File "/usr/lib/python3.8/multiprocessing/process.py", line 315, in _bootstrap
    self.run()
  File "/usr/lib/python3.8/multiprocessing/process.py", line 108, in run
    self._target(*self._args, **self._kwargs)
  File "bench.py", line 902, in launch
    f(aspmc_semi, csv_writer, log, id)
  File "bench.py", line 468, in problog_bench_aspmc
    p.join(TIMEOUT)
  File "/usr/lib/python3.8/multiprocessing/process.py", line 149, in join
    res = self._popen.wait(timeout)
  File "/usr/lib/python3.8/multiprocessing/popen_fork.py", line 44, in wait
    if not wait([self.sentinel], timeout):
  File "/usr/lib/python3.8/multiprocessing/connection.py", line 931, in wait
    ready = selector.select(timeout)
  File "/usr/lib/python3.8/selectors.py", line 415, in select
    fd_event_list = self._selector.poll(timeout)
KeyboardInterrupt
