
Evaluation 3,1:    10.10

Evaluation 3,2:    10.11

Evaluation 3,3:    10.09

Evaluation 3,4:    10.10

Evaluation 3,5:    10.09

Evaluation 3,6:    10.10

Evaluation 3,7:    10.10

Evaluation 3,8:    10.10

Evaluation 3,9:    10.10

Evaluation 3,10:    10.10

Evaluation 4,1:    10.13

Evaluation 4,2:    10.13

Evaluation 4,3:    10.13

Evaluation 4,4:    10.13

Evaluation 4,5:    10.12

Evaluation 4,6:    10.13

Evaluation 4,7:    10.13

Evaluation 4,8:    10.11

Evaluation 4,9:    10.12

Evaluation 4,10:    10.11

Evaluation 5,1:    10.17

Evaluation 5,2:    10.15

Evaluation 5,3:    10.16

Evaluation 5,4:    10.17

Evaluation 5,5:    10.17

Evaluation 5,6:    10.16

Evaluation 5,7:    10.14

Evaluation 5,8:    10.15

Evaluation 5,9:    10.16

Evaluation 5,10:    10.16

Evaluation 6,1:    10.18

Evaluation 6,2:    10.17

Evaluation 6,3:    10.18

Evaluation 6,4:    10.17

Evaluation 6,5:    10.17

Evaluation 6,6:    10.17

Evaluation 6,7:    10.20

Evaluation 6,8:    10.18

Evaluation 6,9:    10.18

Evaluation 6,10:    10.19

Evaluation 7,1:    10.22

Evaluation 7,2:    10.25

Evaluation 7,3:    10.21

Evaluation 7,4:    10.30

Evaluation 7,5:    10.27

Evaluation 7,6:    10.21

Evaluation 7,7:    10.26

Evaluation 7,8:    10.22

Evaluation 7,9:    10.20

Evaluation 7,10:    10.21

Evaluation 8,1:    10.26

Evaluation 8,2:    10.22

Evaluation 8,3:    10.24

Evaluation 8,4:    10.24

Evaluation 8,5:    10.26

Evaluation 8,6:    10.32

Evaluation 8,7:    10.28

Evaluation 8,8:    10.25

Evaluation 8,9:    10.29

Evaluation 8,10:    10.23

Evaluation 9,1:    10.33

Evaluation 9,2:    10.29

Evaluation 9,3:    10.39

Evaluation 9,4:    10.32

Evaluation 9,5:    10.38

Evaluation 9,6:    10.29

Evaluation 9,7:    10.28

Evaluation 9,8:    10.28

Evaluation 9,9:    10.30

Evaluation 9,10:    10.30

Evaluation 10,1:    10.43

Evaluation 10,2:    10.33

Evaluation 10,3:    10.43

Evaluation 10,4:    10.44

Evaluation 10,5:    10.34

Evaluation 10,6:    10.55

Evaluation 10,7:    10.33

Evaluation 10,8:    10.42

Evaluation 10,9:    10.60

Evaluation 10,10:    10.42

Evaluation 11,1:    10.57

Evaluation 11,2:    10.43

Evaluation 11,3:    10.37

Evaluation 11,4:    10.59

Evaluation 11,5:    10.49

Evaluation 11,6:    10.47

Evaluation 11,7:    10.40

Evaluation 11,8:    10.47

Evaluation 11,9:    10.39

Evaluation 11,10:    10.40

Evaluation 12,1:    10.53

Evaluation 12,2:    10.45

Evaluation 12,3:    10.62

Evaluation 12,4:    10.94

Evaluation 12,5:    10.55

Evaluation 12,6:    10.56

Evaluation 12,7:    10.49

Evaluation 12,8:    10.61

Evaluation 12,9:    10.55

Evaluation 12,10:    10.49

Evaluation 13,1:    10.51

Evaluation 13,2:    11.13

Evaluation 13,3:    12.56

Evaluation 13,4:    13.10

Evaluation 13,5:    10.57

Evaluation 13,6:    10.72

Evaluation 13,7:    10.61

Evaluation 13,8:    10.64

Evaluation 13,9:    10.66

Evaluation 13,10:    10.60

Evaluation 14,1:    10.83

Evaluation 14,2:    10.82

Evaluation 14,3:    10.67

Evaluation 14,4:    11.33

Evaluation 14,5:    10.71

Evaluation 14,6:    10.83

Evaluation 14,7:    10.90

Evaluation 14,8:    10.76

Evaluation 14,9:    10.56

Evaluation 14,10:    12.12

Evaluation 15,1:    11.59

Evaluation 15,2:    11.82

Evaluation 15,3:    10.93

Evaluation 15,4:    11.24

Evaluation 15,5:    11.98

Evaluation 15,6:    10.69

Evaluation 15,7:    10.63

Evaluation 15,8:    10.89

Evaluation 15,9:    10.75

Evaluation 15,10:    12.14

Evaluation 16,1:    11.63

Evaluation 16,2:    11.58

Evaluation 16,3:    15.08

Evaluation 16,4:    10.95

Evaluation 16,5:    10.83

Evaluation 16,6:    10.97

Evaluation 16,7:    10.84

Evaluation 16,8:    10.70

Evaluation 16,9:    11.75

Evaluation 16,10:    11.41

Evaluation 17,1:    10.84

Evaluation 17,2:    10.86

Evaluation 17,3:    13.27

Evaluation 17,4:    10.74

Evaluation 17,5:    20.74

Evaluation 17,6:    12.89

Evaluation 17,7:    12.47

Evaluation 17,8:    25.70

Evaluation 17,9:    11.89

Evaluation 17,10:    13.88

Evaluation 18,1:    26.51

Evaluation 18,2:    15.39

Evaluation 18,3:    14.97

Evaluation 18,4:    11.28

Evaluation 18,5:    38.01

Evaluation 18,6:    11.41

Evaluation 18,7:    19.62

Evaluation 18,8:    15.09

Evaluation 18,9:    10.90

Evaluation 18,10:    11.68

Evaluation 19,1:    28.28

Evaluation 19,2:    21.36

Evaluation 19,3:    12.79

Evaluation 19,4:    23.15

Evaluation 19,5:    11.30

Evaluation 19,6:    24.04

Evaluation 19,7:    17.37

Evaluation 19,8:    25.15

Evaluation 19,9:    13.59

Evaluation 19,10:    17.76

Evaluation 20,1:    11.46

Evaluation 20,2:    11.78

Evaluation 20,3:    12.95

Evaluation 20,4:    12.33

Evaluation 20,5:    114.08

Evaluation 20,6:    11.83

Evaluation 20,7:    46.21

Evaluation 20,8:    11.35

Evaluation 20,9:    12.35

Evaluation 20,10:    11.41
Evaluation 21,1:    300.10
Timeout 21,1

Evaluation 21,2:    12.86

Evaluation 21,3:    30.57

Evaluation 21,4:    37.22

Evaluation 21,5:    186.60

Evaluation 21,6:    24.87

Evaluation 21,7:    14.54

Evaluation 21,8:    27.13

Evaluation 21,9:    12.19

Evaluation 21,10:    19.77

Evaluation 22,1:    26.47
Evaluation 22,2:    300.10
Timeout 22,2

Evaluation 22,3:    13.14
Evaluation 22,4:    300.10
Timeout 22,4

Evaluation 22,5:    17.09

Evaluation 22,6:    136.05
Evaluation 22,7:    300.10
Timeout 22,7

Evaluation 22,8:    13.49
Evaluation 22,9:    300.10
Timeout 22,9

Evaluation 22,10:    29.30

Evaluation 23,1:    14.17

Evaluation 23,2:    25.07

Evaluation 23,3:    50.91

Evaluation 23,4:    99.91

Evaluation 23,5:    53.12

Evaluation 23,6:    21.41

Evaluation 23,7:    19.61

Evaluation 23,8:    89.98

Evaluation 23,9:    80.96

Evaluation 23,10:    49.30

Evaluation 24,1:    22.64

Evaluation 24,2:    14.60

Evaluation 24,3:    68.07

Evaluation 24,4:    132.10
Evaluation 24,5:    300.10
Timeout 24,5
Evaluation 24,6:    300.10
Timeout 24,6

Evaluation 24,7:    75.86

Evaluation 24,8:    15.78

Evaluation 24,9:    12.92

Evaluation 24,10:    127.10
Evaluation 25,1:    300.10
Timeout 25,1

Evaluation 25,2:    14.93

Evaluation 25,3:    48.35

Evaluation 25,4:    157.87

Evaluation 25,5:    22.65
Evaluation 25,6:    300.10
Timeout 25,6

Evaluation 25,7:    221.04

Evaluation 25,8:    53.99

Evaluation 25,9:    13.95

Evaluation 25,10:    28.21

Evaluation 26,1:    75.88

Evaluation 26,2:    56.19

Evaluation 26,3:    20.12
Evaluation 26,4:    300.10
Timeout 26,4
Evaluation 26,5:    300.10
Timeout 26,5

Evaluation 26,6:    23.02

Evaluation 26,7:    296.55

Evaluation 26,8:    91.66

Evaluation 26,9:    14.23

Evaluation 26,10:    62.37
Evaluation 27,1:    300.10
Timeout 27,1

Evaluation 27,2:    37.02

Evaluation 27,3:    16.89

Evaluation 27,4:    12.95
Evaluation 27,5:    300.10
Timeout 27,5

Evaluation 27,6:    45.14

Evaluation 27,7:    29.93

Evaluation 27,8:    47.61

Evaluation 27,9:    15.06

Evaluation 27,10:    14.51

Evaluation 28,1:    49.29
Evaluation 28,2:    300.10
Timeout 28,2
Evaluation 28,3:    300.10
Timeout 28,3

Evaluation 28,4:    29.02

Evaluation 28,5:    72.95

Evaluation 28,6:    32.63

Evaluation 28,7:    105.35

Evaluation 28,8:    18.29
Evaluation 28,9:    300.10
Timeout 28,9
Evaluation 28,10:    300.10
Timeout 28,10

Evaluation 29,1:    17.06
Evaluation 29,2:    300.10
Timeout 29,2
Evaluation 29,3:    300.10
Timeout 29,3

Evaluation 29,4:    17.93
Evaluation 29,5:    300.10
Timeout 29,5

Evaluation 29,6:    50.11
Evaluation 29,7:    300.10
Timeout 29,7
Evaluation 29,8:    300.10
Timeout 29,8

Evaluation 29,9:    101.40
Evaluation 29,10:    300.10
Timeout 29,10
Evaluation 30,1:    300.10
Timeout 30,1

Evaluation 30,2:    191.57

Evaluation 30,3:    65.73
Evaluation 30,4:    300.10
Timeout 30,4
Evaluation 30,5:    300.10
Timeout 30,5
Evaluation 30,6:    300.10
Timeout 30,6

Evaluation 30,7:    36.99

Evaluation 30,8:    113.06
Evaluation 30,9:    300.10
Timeout 30,9
Evaluation 30,10:    300.10
Timeout 30,10
Evaluation 31,1:    300.10
Timeout 31,1
Evaluation 31,2:    300.10
Timeout 31,2
Evaluation 31,3:    300.10
Timeout 31,3

Evaluation 31,4:    63.49
Evaluation 31,5:    300.10
Timeout 31,5
Evaluation 31,6:    300.10
Timeout 31,6
Evaluation 31,7:    300.10
Timeout 31,7
Evaluation 31,8:    300.10
Timeout 31,8

Evaluation 31,9:    151.84

Evaluation 31,10:    294.36
Evaluation 32,1:    300.10
Timeout 32,1
Evaluation 32,2:    300.10
Timeout 32,2
Evaluation 32,3:    300.10
Timeout 32,3
Evaluation 32,4:    300.10
Timeout 32,4
Evaluation 32,5:    300.10
Timeout 32,5

Evaluation 32,6:    171.05
Evaluation 32,7:    300.10
Timeout 32,7
Evaluation 32,8:    300.10
Timeout 32,8
Evaluation 32,9:    300.10
Timeout 32,9
Evaluation 32,10:    300.10
Timeout 32,10
Evaluation 33,1:    300.10
Timeout 33,1
Evaluation 33,2:    300.10
Timeout 33,2
Evaluation 33,3:    300.10
Timeout 33,3
Evaluation 33,4:    300.10
Timeout 33,4
Evaluation 33,5:    300.10
Timeout 33,5
Evaluation 33,6:    300.10
Timeout 33,6
Evaluation 33,7:    300.10
Timeout 33,7
Evaluation 33,8:    300.10
Timeout 33,8
Evaluation 33,9:    300.10
Timeout 33,9
Evaluation 33,10:    300.10
Timeout 33,10
Evaluation 34,1:    300.10
Timeout 34,1
Evaluation 34,2:    300.10
Timeout 34,2
Evaluation 34,3:    300.10
Timeout 34,3
Evaluation 34,4:    300.10
Timeout 34,4
Evaluation 34,5:    300.10
Timeout 34,5
Evaluation 34,6:    300.10
Timeout 34,6
Evaluation 34,7:    300.10
Timeout 34,7
Evaluation 34,8:    300.10
Timeout 34,8
Evaluation 34,9:    300.10
Timeout 34,9
Evaluation 34,10:    300.10
Timeout 34,10
Evaluation 35,1:    300.10
Timeout 35,1
Evaluation 35,2:    300.10
Timeout 35,2
Evaluation 35,3:    300.10
Timeout 35,3
Evaluation 35,4:    300.10
Timeout 35,4
Evaluation 35,5:    300.10
Timeout 35,5
Evaluation 35,6:    300.10
Timeout 35,6
Evaluation 35,7:    300.10
Timeout 35,7
Evaluation 35,8:    300.10
Timeout 35,8
Evaluation 35,9:    300.10
Timeout 35,9
Evaluation 35,10:    300.10
Timeout 35,10

Evaluation 36,1:    98.83
Evaluation 36,2:    300.10
Timeout 36,2
Evaluation 36,3:    300.10
Timeout 36,3
Evaluation 36,4:    300.10
Timeout 36,4
Evaluation 36,5:    300.10
Timeout 36,5
Evaluation 36,6:    300.10
Timeout 36,6
Evaluation 36,7:    300.10
Timeout 36,7
Evaluation 36,8:    300.10
Timeout 36,8
Evaluation 36,9:    300.10
Timeout 36,9

Evaluation 36,10:    169.45
Evaluation 37,1:    300.10
Timeout 37,1
Evaluation 37,2:    300.10
Timeout 37,2
Evaluation 37,3:    300.10
Timeout 37,3
Evaluation 37,4:    300.10
Timeout 37,4
Evaluation 37,5:    300.10
Timeout 37,5
Evaluation 37,6:    300.10
Timeout 37,6
Evaluation 37,7:    300.10
Timeout 37,7
Evaluation 37,8:    300.10
Timeout 37,8
Evaluation 37,9:    300.10
Timeout 37,9
Evaluation 37,10:    300.10
Timeout 37,10
Evaluation 38,1:    300.10
Timeout 38,1
Evaluation 38,2:    300.10
Timeout 38,2
Evaluation 38,3:    300.10
Timeout 38,3
Evaluation 38,4:    300.10
Timeout 38,4
Evaluation 38,5:    300.10
Timeout 38,5
Evaluation 38,6:    300.10
Timeout 38,6
Evaluation 38,7:    300.10
Timeout 38,7
Evaluation 38,8:    300.10
Timeout 38,8
Evaluation 38,9:    300.10
Timeout 38,9
Evaluation 38,10:    300.10
Timeout 38,10
Evaluation 39,1:    300.10
Timeout 39,1
Evaluation 39,2:    300.10
Timeout 39,2
Evaluation 39,3:    300.10
Timeout 39,3
Evaluation 39,4:    300.10
Timeout 39,4
Evaluation 39,5:    300.10
Timeout 39,5
Evaluation 39,6:    300.10
Timeout 39,6
Evaluation 39,7:    300.10
Timeout 39,7
Evaluation 39,8:    300.10
Timeout 39,8
Evaluation 39,9:    300.10
Timeout 39,9
Evaluation 39,10:    300.10
Timeout 39,10
Evaluation 40,1:    300.10
Timeout 40,1
Evaluation 40,2:    300.10
Timeout 40,2
Evaluation 40,3:    300.10
Timeout 40,3
Evaluation 40,4:    300.10
Timeout 40,4
Evaluation 40,5:    300.10
Timeout 40,5
Evaluation 40,6:    300.10
Timeout 40,6
Evaluation 40,7:    300.10
Timeout 40,7
Evaluation 40,8:    300.10
Timeout 40,8
Evaluation 40,9:    300.10
Timeout 40,9
Evaluation 40,10:    300.10
Timeout 40,10
Evaluation 41,1:    300.10
Timeout 41,1
Evaluation 41,2:    300.10
Timeout 41,2
Evaluation 41,3:    300.10
Timeout 41,3
Evaluation 41,4:    300.10
Timeout 41,4
Evaluation 41,5:    300.10
Timeout 41,5
Evaluation 41,6:    300.10
Timeout 41,6
Evaluation 41,7:    300.10
Timeout 41,7
Evaluation 41,8:    300.10
Timeout 41,8
Evaluation 41,9:    300.10
Timeout 41,9
Evaluation 41,10:    300.10
Timeout 41,10
Evaluation 42,1:    300.10
Timeout 42,1
Evaluation 42,2:    300.10
Timeout 42,2
Evaluation 42,3:    300.10
Timeout 42,3
Evaluation 42,4:    300.10
Timeout 42,4
Evaluation 42,5:    300.10
Timeout 42,5
Evaluation 42,6:    300.10
Timeout 42,6
Evaluation 42,7:    300.10
Timeout 42,7
Evaluation 42,8:    300.10
Timeout 42,8
Evaluation 42,9:    300.10
Timeout 42,9
Evaluation 42,10:    300.10
Timeout 42,10
Evaluation 43,1:    300.10
Timeout 43,1
Evaluation 43,2:    300.10
Timeout 43,2
Evaluation 43,3:    300.10
Timeout 43,3
Evaluation 43,4:    300.10
Timeout 43,4
Evaluation 43,5:    300.10
Timeout 43,5
Evaluation 43,6:    300.10
Timeout 43,6
Evaluation 43,7:    300.10
Timeout 43,7
Evaluation 43,8:    300.10
Timeout 43,8
Evaluation 43,9:    300.10
Timeout 43,9
Evaluation 43,10:    300.10
Timeout 43,10
Evaluation 44,1:    300.10
Timeout 44,1
Evaluation 44,2:    300.10
Timeout 44,2
Evaluation 44,3:    300.10
Timeout 44,3
Evaluation 44,4:    300.10
Timeout 44,4
Evaluation 44,5:    300.10
Timeout 44,5
Evaluation 44,6:    300.10
Timeout 44,6
Evaluation 44,7:    300.10
Timeout 44,7
Evaluation 44,8:    300.10
Timeout 44,8
Evaluation 44,9:    300.10
Timeout 44,9
Evaluation 44,10:    300.10
Timeout 44,10
Evaluation 45,1:    300.10
Timeout 45,1
Evaluation 45,2:    300.10
Timeout 45,2
Evaluation 45,3:    300.10
Timeout 45,3
Evaluation 45,4:    300.10
Timeout 45,4
Evaluation 45,5:    300.10
Timeout 45,5
Evaluation 45,6:    300.10
Timeout 45,6
Evaluation 45,7:    300.10
Timeout 45,7
Evaluation 45,8:    300.10
Timeout 45,8
Evaluation 45,9:    300.10
Timeout 45,9
Evaluation 45,10:    300.10
Timeout 45,10
Evaluation 46,1:    300.10
Timeout 46,1
Evaluation 46,2:    300.10
Timeout 46,2
Evaluation 46,3:    300.10
Timeout 46,3
Evaluation 46,4:    300.10
Timeout 46,4
Evaluation 46,5:    300.10
Timeout 46,5
Evaluation 46,6:    300.10
Timeout 46,6
Evaluation 46,7:    300.10
Timeout 46,7
Evaluation 46,8:    300.10
Timeout 46,8
Evaluation 46,9:    300.10
Timeout 46,9
Evaluation 46,10:    300.10
Timeout 46,10
Evaluation 47,1:    300.10
Timeout 47,1
Evaluation 47,2:    300.10
Timeout 47,2
Evaluation 47,3:    300.10
Timeout 47,3
Evaluation 47,4:    300.10
Timeout 47,4
Evaluation 47,5:    300.10
Timeout 47,5
Evaluation 47,6:    300.10
Timeout 47,6
Evaluation 47,7:    300.10
Timeout 47,7
Evaluation 47,8:    300.10
Timeout 47,8
Evaluation 47,9:    300.10
Timeout 47,9
Evaluation 47,10:    300.10
Timeout 47,10
Evaluation 48,1:    300.10
Timeout 48,1
Evaluation 48,2:    300.10
Timeout 48,2
Evaluation 48,3:    300.10
Timeout 48,3
Evaluation 48,4:    300.10
Timeout 48,4
Evaluation 48,5:    300.10
Timeout 48,5
Evaluation 48,6:    300.10
Timeout 48,6
Evaluation 48,7:    300.10
Timeout 48,7
Evaluation 48,8:    300.10
Timeout 48,8
Evaluation 48,9:    300.10
Timeout 48,9
Evaluation 48,10:    300.10
Timeout 48,10
Evaluation 49,1:    300.10
Timeout 49,1
Evaluation 49,2:    300.10
Timeout 49,2
Evaluation 49,3:    300.10
Timeout 49,3
Evaluation 49,4:    300.10
Timeout 49,4
Evaluation 49,5:    300.10
Timeout 49,5
Evaluation 49,6:    300.10
Timeout 49,6
Evaluation 49,7:    300.10
Timeout 49,7
Evaluation 49,8:    300.10
Timeout 49,8
Evaluation 49,9:    300.10
Timeout 49,9
Evaluation 49,10:    300.10
Timeout 49,10
Evaluation 50,1:    300.10
Timeout 50,1
Evaluation 50,2:    300.10
Timeout 50,2
Evaluation 50,3:    300.10
Timeout 50,3
Evaluation 50,4:    300.10
Timeout 50,4
Evaluation 50,5:    300.10
Timeout 50,5
Evaluation 50,6:    300.10
Timeout 50,6
Evaluation 50,7:    300.10
Timeout 50,7
Evaluation 50,8:    300.01
Timeout 50,8
Evaluation 50,9:    300.10
Timeout 50,9
