Evaluation 3,1:    0.03
Evaluation 3,2:    0.02
Evaluation 3,3:    0.02
Evaluation 3,4:    0.02
Evaluation 3,5:    0.01
Evaluation 3,6:    0.01
Evaluation 3,7:    0.02
Evaluation 3,8:    0.02
Evaluation 3,9:    0.01
Evaluation 3,10:    0.01
Evaluation 4,1:    0.03
Evaluation 4,2:    0.02
Evaluation 4,3:    0.02
Evaluation 4,4:    0.02
Evaluation 4,5:    0.02
Evaluation 4,6:    0.02
Evaluation 4,7:    0.02
Evaluation 4,8:    0.02
Evaluation 4,9:    0.02
Evaluation 4,10:    0.01
Evaluation 5,1:    0.03
Evaluation 5,2:    0.03
Evaluation 5,3:    0.03
Evaluation 5,4:    0.03
Evaluation 5,5:    0.03
Evaluation 5,6:    0.03
Evaluation 5,7:    0.02
Evaluation 5,8:    0.02
Evaluation 5,9:    0.03
Evaluation 5,10:    0.03
Evaluation 6,1:    0.03
Evaluation 6,2:    0.03
Evaluation 6,3:    0.03
Evaluation 6,4:    0.03
Evaluation 6,5:    0.02
Evaluation 6,6:    0.03
Evaluation 6,7:    0.04
Evaluation 6,8:    0.02
Evaluation 6,9:    0.03
Evaluation 6,10:    0.03
Evaluation 7,1:    0.04
Evaluation 7,2:    0.05
Evaluation 7,3:    0.03
Evaluation 7,4:    0.11
Evaluation 7,5:    0.10
Evaluation 7,6:    0.04
Evaluation 7,7:    0.08
Evaluation 7,8:    0.03
Evaluation 7,9:    0.03
Evaluation 7,10:    0.04
Evaluation 8,1:    0.07
Evaluation 8,2:    0.03
Evaluation 8,3:    0.05
Evaluation 8,4:    0.04
Evaluation 8,5:    0.05
Evaluation 8,6:    0.11
Evaluation 8,7:    0.07
Evaluation 8,8:    0.05
Evaluation 8,9:    0.10
Evaluation 8,10:    0.03
Evaluation 9,1:    0.13
Evaluation 9,2:    0.05
Evaluation 9,3:    0.16
Evaluation 9,4:    0.11
Evaluation 9,5:    0.14
Evaluation 9,6:    0.09
Evaluation 9,7:    0.04
Evaluation 9,8:    0.06
Evaluation 9,9:    0.10
Evaluation 9,10:    0.09
Evaluation 10,1:    0.23
Evaluation 10,2:    0.08
Evaluation 10,3:    0.22
Evaluation 10,4:    0.15
Evaluation 10,5:    0.09
Evaluation 10,6:    0.40
Evaluation 10,7:    0.07
Evaluation 10,8:    0.23
Evaluation 10,9:    0.85
Evaluation 10,10:    0.11
Evaluation 11,1:    1.11
Evaluation 11,2:    0.16
Evaluation 11,3:    0.05
Evaluation 11,4:    2.08
Evaluation 11,5:    0.42
Evaluation 11,6:    0.45
Evaluation 11,7:    0.10
Evaluation 11,8:    0.23
Evaluation 11,9:    0.06
Evaluation 11,10:    0.14
Evaluation 12,1:    0.33
Evaluation 12,2:    0.13
Evaluation 12,3:    14.24
Evaluation 12,4:    0.93
Evaluation 12,5:    0.47
Evaluation 12,6:    0.73
Evaluation 12,7:    0.21
Evaluation 12,8:    0.62
Evaluation 12,9:    0.29
Evaluation 12,10:    0.18
Evaluation 13,1:    0.20
Evaluation 13,2:    8.91
Evaluation 13,3:    6.27
Process Process-4:104:
Traceback (most recent call last):
  File "/usr/lib/python3.8/multiprocessing/process.py", line 315, in _bootstrap
    self.run()
  File "/usr/lib/python3.8/multiprocessing/process.py", line 108, in run
    self._target(*self._args, **self._kwargs)
  File "bench.py", line 80, in wrapper
    function(*args, **kwargs)
  File "bench.py", line 537, in problog_instance_problog
    get_evaluatable().create_from(p_string).evaluate()
  File "/home/pietro/pyenv8/lib/python3.8/site-packages/problog/core.py", line 156, in create_from
    return ProbLog.convert(obj, cls, **kwdargs)
  File "/home/pietro/pyenv8/lib/python3.8/site-packages/problog/core.py", line 121, in convert
    next_obj = path[0](current_obj, path[1](**kwdargs), **kwdargs)
  File "/home/pietro/pyenv8/lib/python3.8/site-packages/problog/sdd_formula.py", line 968, in build_sdd
    return build_dd(source, destination, **kwdargs)
  File "/home/pietro/pyenv8/lib/python3.8/site-packages/problog/dd_formula.py", line 636, in build_dd
    destination.build_dd()
  File "/home/pietro/pyenv8/lib/python3.8/site-packages/problog/dd_formula.py", line 143, in build_dd
    self.get_inode(n)
  File "/home/pietro/pyenv8/lib/python3.8/site-packages/problog/dd_formula.py", line 93, in get_inode
    result = self._create_inode(node)
  File "/home/pietro/pyenv8/lib/python3.8/site-packages/problog/dd_formula.py", line 102, in _create_inode
    *[self.get_inode(c) for c in node.children]
  File "/home/pietro/pyenv8/lib/python3.8/site-packages/problog/dd_formula.py", line 102, in <listcomp>
    *[self.get_inode(c) for c in node.children]
  File "/home/pietro/pyenv8/lib/python3.8/site-packages/problog/dd_formula.py", line 93, in get_inode
    result = self._create_inode(node)
  File "/home/pietro/pyenv8/lib/python3.8/site-packages/problog/dd_formula.py", line 106, in _create_inode
    *[self.get_inode(c) for c in node.children]
  File "/home/pietro/pyenv8/lib/python3.8/site-packages/problog/dd_formula.py", line 106, in <listcomp>
    *[self.get_inode(c) for c in node.children]
  File "/home/pietro/pyenv8/lib/python3.8/site-packages/problog/dd_formula.py", line 93, in get_inode
    result = self._create_inode(node)
  File "/home/pietro/pyenv8/lib/python3.8/site-packages/problog/dd_formula.py", line 102, in _create_inode
    *[self.get_inode(c) for c in node.children]
  File "/home/pietro/pyenv8/lib/python3.8/site-packages/problog/dd_formula.py", line 102, in <listcomp>
    *[self.get_inode(c) for c in node.children]
  File "/home/pietro/pyenv8/lib/python3.8/site-packages/problog/dd_formula.py", line 93, in get_inode
    result = self._create_inode(node)
  File "/home/pietro/pyenv8/lib/python3.8/site-packages/problog/dd_formula.py", line 105, in _create_inode
    return self.get_manager().disjoin(
  File "/home/pietro/pyenv8/lib/python3.8/site-packages/problog/dd_formula.py", line 296, in disjoin
    r1 = self.disjoin2(r, s)
  File "/home/pietro/pyenv8/lib/python3.8/site-packages/problog/sdd_formula.py", line 325, in disjoin2
    return self.get_manager().disjoin(a, b)
KeyboardInterrupt
Process Process-4:
Traceback (most recent call last):
  File "/usr/lib/python3.8/multiprocessing/process.py", line 315, in _bootstrap
    self.run()
  File "/usr/lib/python3.8/multiprocessing/process.py", line 108, in run
    self._target(*self._args, **self._kwargs)
  File "bench.py", line 900, in launch
    f(csv_writer, log, id)
  File "bench.py", line 566, in problog_bench_problog
    p.join(TIMEOUT)
  File "/usr/lib/python3.8/multiprocessing/process.py", line 149, in join
    res = self._popen.wait(timeout)
  File "/usr/lib/python3.8/multiprocessing/popen_fork.py", line 44, in wait
    if not wait([self.sentinel], timeout):
  File "/usr/lib/python3.8/multiprocessing/connection.py", line 931, in wait
    ready = selector.select(timeout)
  File "/usr/lib/python3.8/selectors.py", line 415, in select
    fd_event_list = self._selector.poll(timeout)
KeyboardInterrupt
