Evaluation 3,1:    5.12
Evaluation 3,2:    5.11
Evaluation 3,3:    5.11
Evaluation 3,4:    5.11
Evaluation 3,5:    5.11
Evaluation 3,6:    5.09
Evaluation 3,7:    5.11
Evaluation 3,8:    5.11
Evaluation 3,9:    5.09
Evaluation 3,10:    5.11
Evaluation 4,1:    5.25
Evaluation 4,2:    5.18
Evaluation 4,3:    5.15
Evaluation 4,4:    5.25
Evaluation 4,5:    5.15
Evaluation 4,6:    5.21
Evaluation 4,7:    5.24
Evaluation 4,8:    5.12
Evaluation 4,9:    5.12
Evaluation 4,10:    5.11
Evaluation 5,1:    5.47
Evaluation 5,2:    5.29
Evaluation 5,3:    5.32
Evaluation 5,4:    5.82
Evaluation 5,5:    5.41
Evaluation 5,6:    5.21
Evaluation 5,7:    5.14
Evaluation 5,8:    5.29
Evaluation 5,9:    5.44
Evaluation 5,10:    5.46
Evaluation 6,1:    5.24
Evaluation 6,2:    5.20
Evaluation 6,3:    5.28
Evaluation 6,4:    5.20
Evaluation 6,5:    5.22
Evaluation 6,6:    5.21
Evaluation 6,7:    5.50
Evaluation 6,8:    5.24
Evaluation 6,9:    5.49
Evaluation 6,10:    5.59
Evaluation 7,1:    6.01
Evaluation 7,2:    80.05
Evaluation 7,3:    5.42
Evaluation 7,4:    12.39
Evaluation 7,5:    300.10
Timeout 7,5
Evaluation 7,6:    5.60
Evaluation 7,7:    84.64
Evaluation 7,8:    5.60
Evaluation 7,9:    5.29
Evaluation 7,10:    5.47
Evaluation 8,1:    8.55
Evaluation 8,2:    5.27
Evaluation 8,3:    5.64
Evaluation 8,4:    5.46
Evaluation 8,5:    8.74
Evaluation 8,6:    300.04
Timeout 8,6
Evaluation 8,7:    27.27
Evaluation 8,8:    6.18
Evaluation 8,9:    300.10
Timeout 8,9
Evaluation 8,10:    5.45
Evaluation 9,1:    16.28
Evaluation 9,2:    6.57
Evaluation 9,3:    300.05
Timeout 9,3
Evaluation 9,4:    185.40
Evaluation 9,5:    300.10
Timeout 9,5
Evaluation 9,6:    7.77
Evaluation 9,7:    5.47
Evaluation 9,8:    5.90
Evaluation 9,9:    12.79
Evaluation 9,10:    6.47
Evaluation 10,1:    195.86
Evaluation 10,2:    8.12
Evaluation 10,3:    300.10
Timeout 10,3
Evaluation 10,4:    300.10
Timeout 10,4
Evaluation 10,5:    16.42
Evaluation 10,6:    300.10
Timeout 10,6
Evaluation 10,7:    11.51
Evaluation 10,8:    300.10
Timeout 10,8
Evaluation 10,9:    300.10
Timeout 10,9
Evaluation 10,10:    300.07
Timeout 10,10
Evaluation 11,1:    300.03
Timeout 11,1
Evaluation 11,2:    27.23
Evaluation 11,3:    5.51
Evaluation 11,4:    300.03
Timeout 11,4
Evaluation 11,5:    300.10
Timeout 11,5
Evaluation 11,6:    300.01
Timeout 11,6
Evaluation 11,7:    6.35
Evaluation 11,8:    17.57
Evaluation 11,9:    5.71
Evaluation 11,10:    21.76
Evaluation 12,1:    300.09
Timeout 12,1
Evaluation 12,2:    21.13
Evaluation 12,3:    300.10
Timeout 12,3
Evaluation 12,4:    300.10
Timeout 12,4
Evaluation 12,5:    300.10
Timeout 12,5
Evaluation 12,6:    300.10
Timeout 12,6
Evaluation 12,7:    11.04
Evaluation 12,8:    300.06
Timeout 12,8
Evaluation 12,9:    300.09
Timeout 12,9
Evaluation 12,10:    34.39
Evaluation 13,1:    17.03
Evaluation 13,2:    300.10
Timeout 13,2
Evaluation 13,3:    300.10
Timeout 13,3
Evaluation 13,4:    300.10
Timeout 13,4
Evaluation 13,5:    300.10
Timeout 13,5
Evaluation 13,6:    300.10
Timeout 13,6
Evaluation 13,7:    300.10
Timeout 13,7
Evaluation 13,8:    300.10
Timeout 13,8
Evaluation 13,9:    300.10
Timeout 13,9
Evaluation 13,10:    300.10
Timeout 13,10
Evaluation 14,1:    300.10
Timeout 14,1
Evaluation 14,2:    300.10
Timeout 14,2
Evaluation 14,3:    300.10
Timeout 14,3
Evaluation 14,4:    300.07
Timeout 14,4
Evaluation 14,5:    300.10
Timeout 14,5
Evaluation 14,6:    300.10
Timeout 14,6
Evaluation 14,7:    300.05
Timeout 14,7
Evaluation 14,8:    300.02
Timeout 14,8
Evaluation 14,9:    300.10
Timeout 14,9
Evaluation 14,10:    300.10
Timeout 14,10
Evaluation 15,1:    300.05
Timeout 15,1
Evaluation 15,2:    300.10
Timeout 15,2
Evaluation 15,3:    300.10
Timeout 15,3
Evaluation 15,4:    300.06
Timeout 15,4
Evaluation 15,5:    300.10
Timeout 15,5
Evaluation 15,6:    300.10
Timeout 15,6
Evaluation 15,7:    300.10
Timeout 15,7
Evaluation 15,8:    300.10
Timeout 15,8
Evaluation 15,9:    300.10
Timeout 15,9
Evaluation 15,10:    300.10
Timeout 15,10
Evaluation 16,1:    300.04
Timeout 16,1
Evaluation 16,2:    300.10
Timeout 16,2
Evaluation 16,3:    300.10
Timeout 16,3
Evaluation 16,4:    300.10
Timeout 16,4
Evaluation 16,5:    300.10
Timeout 16,5
Evaluation 16,6:    300.10
Timeout 16,6
Evaluation 16,7:    300.10
Timeout 16,7
Evaluation 16,8:    300.10
Timeout 16,8
Evaluation 16,9:    300.10
Timeout 16,9
Evaluation 16,10:    300.10
Timeout 16,10
Evaluation 17,1:    300.10
Timeout 17,1
Evaluation 17,2:    300.06
Timeout 17,2
Evaluation 17,3:    300.03
Timeout 17,3
Evaluation 17,4:    35.14
Evaluation 17,5:    300.10
Timeout 17,5
Evaluation 17,6:    300.10
Timeout 17,6
Evaluation 17,7:    300.04
Timeout 17,7
Evaluation 17,8:    300.08
Timeout 17,8
Evaluation 17,9:    300.10
Timeout 17,9
Evaluation 17,10:    300.05
Timeout 17,10
Evaluation 18,1:    300.10
Timeout 18,1
Evaluation 18,2:    300.10
Timeout 18,2
Evaluation 18,3:    300.07
Timeout 18,3
Evaluation 18,4:    300.06
Timeout 18,4
Evaluation 18,5:    300.10
Timeout 18,5
Evaluation 18,6:    300.07
Timeout 18,6
Evaluation 18,7:    300.10
Timeout 18,7
Evaluation 18,8:    300.08
Timeout 18,8
Evaluation 18,9:    300.10
Timeout 18,9
Evaluation 18,10:    300.09
Timeout 18,10
Evaluation 19,1:    300.10
Timeout 19,1
Evaluation 19,2:    300.10
Timeout 19,2
Evaluation 19,3:    300.10
Timeout 19,3
Evaluation 19,4:    300.08
Timeout 19,4
Evaluation 19,5:    300.10
Timeout 19,5
Evaluation 19,6:    300.03
Timeout 19,6
Evaluation 19,7:    300.03
Timeout 19,7
Evaluation 19,8:    300.10
Timeout 19,8
Evaluation 19,9:    300.10
Timeout 19,9
Evaluation 19,10:    300.03
Timeout 19,10
Evaluation 20,1:    300.10
Timeout 20,1
Evaluation 20,2:    300.04
Timeout 20,2
Evaluation 20,3:    300.08
Timeout 20,3
Evaluation 20,4:    300.10
Timeout 20,4
Evaluation 20,5:    300.10
Timeout 20,5
Evaluation 20,6:    300.04
Timeout 20,6
Evaluation 20,7:    300.03
Timeout 20,7
Evaluation 20,8:    300.10
Timeout 20,8
Evaluation 20,9:    300.10
Timeout 20,9
Evaluation 20,10:    300.10
Timeout 20,10
Evaluation 21,1:    300.10
Timeout 21,1
Evaluation 21,2:    300.10
Timeout 21,2
Evaluation 21,3:    300.01
Timeout 21,3
Evaluation 21,4:    300.10
Timeout 21,4
Evaluation 21,5:    300.10
Timeout 21,5
Evaluation 21,6:    300.01
Timeout 21,6
Evaluation 21,7:    300.10
Timeout 21,7
Evaluation 21,8:    300.10
Timeout 21,8
Evaluation 21,9:    300.03
Timeout 21,9
